<?xml version="1.0" encoding="UTF-8"?>
<testsuites name="ScreenCrawlHappyPath" time="241" tests="5" failures="2" errors="0">
   <testsuite name="ScreenCrawlHappyPath" tests="5" failures="2" errors="0" time="241" timestamp="2019-04-08 11:21:46" hostname="patrick.murphy - BOU-CH78ST2.corp.gbrx.com" id="Test Suites/ScreenCrawl/ScreenCrawlHappyPath">
      <properties>
         <property name="deviceName" value=""/>
         <property name="devicePlatform" value=""/>
         <property name="logFolder" value="C:\\Users\\patrick.murphy\\Katalon Studio\\KatalonDemo\\Reports\\ScreenCrawl\\ScreenCrawlHappyPath\\20190408_112139"/>
         <property name="logFiles" value="C:\\Users\\patrick.murphy\\Katalon Studio\\KatalonDemo\\Reports\\ScreenCrawl\\ScreenCrawlHappyPath\\20190408_112139\\execution0.log"/>
         <property name="attachments" value="C:\\Users\\patrick.murphy\\Katalon Studio\\KatalonDemo\\Reports\\ScreenCrawl\\ScreenCrawlHappyPath\\20190408_112139\\1554744187951.png, C:\\Users\\patrick.murphy\\Katalon Studio\\KatalonDemo\\Reports\\ScreenCrawl\\ScreenCrawlHappyPath\\20190408_112139\\1554744324946.png, C:\\Users\\patrick.murphy\\Katalon Studio\\KatalonDemo\\Reports\\ScreenCrawl\\ScreenCrawlHappyPath\\20190408_112139\\1554744325299.png"/>
         <property name="hostName" value="patrick.murphy - BOU-CH78ST2.corp.gbrx.com"/>
         <property name="os" value="Windows 10 64bit"/>
         <property name="katalonVersion" value="6.0.5.10"/>
         <property name="browser" value="Chrome 73.0.3683.86"/>
         <property name="hostAddress" value="10.0.75.1"/>
         <property name="sessionId" value="fdde01be6ccc9a32ecec6a94f45603da"/>
         <property name="seleniumVersion" value="3.7.1"/>
         <property name="proxyInformation" value="ProxyInformation{proxyOption=NO_PROXY, proxyServerType=HTTP, password=, proxyServerAddress=, proxyServerPort=0}"/>
         <property name="platform" value="Windows 10"/>
      </properties>
      <testcase name="Test Cases/ScreenCrawl/ScreenCrawlAssets" classname="Test Cases/ScreenCrawl/ScreenCrawlAssets" status="PASSED">
         <system-out><![CDATA[2019-04-08 11:21:46 - [TEST_CASE][PASSED] - Test Cases/ScreenCrawl/ScreenCrawlAssets: Test Cases/ScreenCrawl/ScreenCrawlAssets

2019-04-08 11:21:46 - [TEST_STEP][PASSED] - openBrowser(""): Browser is opened with url: ''

2019-04-08 11:21:47 - [MESSAGE][INFO] - Starting 'Chrome' driver

2019-04-08 11:21:47 - [MESSAGE][INFO] - Action delay is set to 0 seconds

2019-04-08 11:21:53 - [MESSAGE][PASSED] - Browser is opened with url: ''

2019-04-08 11:21:53 - [TEST_STEP][PASSED] - deleteAllCookies(): Delete all cookies successfully

2019-04-08 11:21:53 - [MESSAGE][PASSED] - Delete all cookies successfully

2019-04-08 11:21:53 - [TEST_STEP][PASSED] - maximizeWindow(): Current window maximized

2019-04-08 11:21:54 - [MESSAGE][PASSED] - Current window maximized

2019-04-08 11:21:54 - [TEST_STEP][PASSED] - navigateToUrl("http://enspire-qa.gbrx.com/"): Navigate to 'http://enspire-qa.gbrx.com/' successfully

2019-04-08 11:21:55 - [MESSAGE][PASSED] - Navigate to 'http://enspire-qa.gbrx.com/' successfully

2019-04-08 11:21:55 - [TEST_STEP][PASSED] - waitForPageLoad(0): Wait for page load successfully

2019-04-08 11:21:55 - [MESSAGE][WARNING] - Timeout '0' is invalid. Using default page load timeout: '30'

2019-04-08 11:21:55 - [MESSAGE][PASSED] - Wait for page load successfully

2019-04-08 11:21:55 - [TEST_STEP][PASSED] - sendKeys(findTestObject("Login Page/Username Field"), ScreenCrawlUser): Keys 'GMS/ScreenCrawlAllRoles' sent to object: 'Object Repository/Login Page/Username Field'

2019-04-08 11:21:56 - [MESSAGE][PASSED] - Keys 'GMS/ScreenCrawlAllRoles' sent to object: 'Object Repository/Login Page/Username Field'

2019-04-08 11:21:56 - [TEST_STEP][PASSED] - sendKeys(findTestObject("Login Page/Password Field"), ScreenCrawlPass): Keys '123456789' sent to object: 'Object Repository/Login Page/Password Field'

2019-04-08 11:21:56 - [MESSAGE][PASSED] - Keys '123456789' sent to object: 'Object Repository/Login Page/Password Field'

2019-04-08 11:21:56 - [TEST_STEP][PASSED] - click(findTestObject("Login Page/Login Button")): Object: 'Object Repository/Login Page/Login Button' is clicked on

2019-04-08 11:22:01 - [MESSAGE][PASSED] - Object: 'Object Repository/Login Page/Login Button' is clicked on

2019-04-08 11:22:01 - [TEST_STEP][PASSED] - waitForPageLoad(0): Wait for page load successfully

2019-04-08 11:22:01 - [MESSAGE][WARNING] - Timeout '0' is invalid. Using default page load timeout: '30'

2019-04-08 11:22:01 - [MESSAGE][PASSED] - Wait for page load successfully

2019-04-08 11:22:01 - [TEST_STEP][PASSED] - verifyElementVisible(findTestObject("GBMS Home Page/Assets"), STOP_ON_FAILURE): Object 'Object Repository/GBMS Home Page/Assets' is visible

2019-04-08 11:22:01 - [MESSAGE][PASSED] - Object 'Object Repository/GBMS Home Page/Assets' is visible

2019-04-08 11:22:01 - [TEST_STEP][PASSED] - click(findTestObject("GBMS Home Page/button_Report Repository")): Object: 'Object Repository/GBMS Home Page/button_Report Repository' is clicked on

2019-04-08 11:22:03 - [MESSAGE][PASSED] - Object: 'Object Repository/GBMS Home Page/button_Report Repository' is clicked on

2019-04-08 11:22:03 - [TEST_STEP][PASSED] - waitForPageLoad(0): Wait for page load successfully

2019-04-08 11:22:03 - [MESSAGE][WARNING] - Timeout '0' is invalid. Using default page load timeout: '30'

2019-04-08 11:22:03 - [MESSAGE][PASSED] - Wait for page load successfully

2019-04-08 11:22:03 - [TEST_STEP][PASSED] - verifyElementVisible(findTestObject("Report Repository/Search Results")): Object 'Object Repository/Report Repository/Search Results' is visible

2019-04-08 11:22:03 - [MESSAGE][PASSED] - Object 'Object Repository/Report Repository/Search Results' is visible

2019-04-08 11:22:03 - [TEST_STEP][PASSED] - verifyElementVisible(findTestObject("Report Repository/Report Repository Search Header"), STOP_ON_FAILURE): Object 'Object Repository/Report Repository/Report Repository Search Header' is visible

2019-04-08 11:22:04 - [MESSAGE][PASSED] - Object 'Object Repository/Report Repository/Report Repository Search Header' is visible

2019-04-08 11:22:04 - [TEST_STEP][PASSED] - back(): Navigate back successfully

2019-04-08 11:22:04 - [MESSAGE][PASSED] - Navigate back successfully

2019-04-08 11:22:04 - [TEST_STEP][PASSED] - waitForPageLoad(0): Wait for page load successfully

2019-04-08 11:22:04 - [MESSAGE][WARNING] - Timeout '0' is invalid. Using default page load timeout: '30'

2019-04-08 11:22:04 - [MESSAGE][PASSED] - Wait for page load successfully

2019-04-08 11:22:04 - [TEST_STEP][PASSED] - verifyElementVisible(findTestObject("GBMS Home Page/Assets"), STOP_ON_FAILURE): Object 'Object Repository/GBMS Home Page/Assets' is visible

2019-04-08 11:22:04 - [MESSAGE][PASSED] - Object 'Object Repository/GBMS Home Page/Assets' is visible

2019-04-08 11:22:04 - [TEST_STEP][PASSED] - click(findTestObject("GBMS Home Page/button_Shop Forms")): Object: 'Object Repository/GBMS Home Page/button_Shop Forms' is clicked on

2019-04-08 11:22:07 - [MESSAGE][PASSED] - Object: 'Object Repository/GBMS Home Page/button_Shop Forms' is clicked on

2019-04-08 11:22:07 - [TEST_STEP][PASSED] - waitForPageLoad(0): Wait for page load successfully

2019-04-08 11:22:07 - [MESSAGE][WARNING] - Timeout '0' is invalid. Using default page load timeout: '30'

2019-04-08 11:22:07 - [MESSAGE][PASSED] - Wait for page load successfully

2019-04-08 11:22:07 - [TEST_STEP][PASSED] - verifyElementVisible(findTestObject("Object Repository/Shop Reference Documents/Shop Reference Documents")): Object 'Object Repository/Shop Reference Documents/Shop Reference Documents' is visible

2019-04-08 11:22:07 - [MESSAGE][PASSED] - Object 'Object Repository/Shop Reference Documents/Shop Reference Documents' is visible

2019-04-08 11:22:07 - [TEST_STEP][PASSED] - verifyElementVisible(findTestObject("Shop Reference Documents/button_Clear Filter")): Object 'Object Repository/Shop Reference Documents/button_Clear Filter' is visible

2019-04-08 11:22:08 - [MESSAGE][PASSED] - Object 'Object Repository/Shop Reference Documents/button_Clear Filter' is visible

2019-04-08 11:22:08 - [TEST_STEP][PASSED] - back(): Navigate back successfully

2019-04-08 11:22:08 - [MESSAGE][PASSED] - Navigate back successfully

2019-04-08 11:22:08 - [TEST_STEP][PASSED] - waitForPageLoad(0): Wait for page load successfully

2019-04-08 11:22:08 - [MESSAGE][WARNING] - Timeout '0' is invalid. Using default page load timeout: '30'

2019-04-08 11:22:08 - [MESSAGE][PASSED] - Wait for page load successfully

2019-04-08 11:22:08 - [TEST_STEP][PASSED] - verifyElementVisible(findTestObject("GBMS Home Page/Assets"), STOP_ON_FAILURE): Object 'Object Repository/GBMS Home Page/Assets' is visible

2019-04-08 11:22:08 - [MESSAGE][PASSED] - Object 'Object Repository/GBMS Home Page/Assets' is visible

2019-04-08 11:22:08 - [TEST_STEP][PASSED] - click(findTestObject("GBMS Home Page/button_Customer Portal")): Object: 'Object Repository/GBMS Home Page/button_Customer Portal' is clicked on

2019-04-08 11:22:09 - [MESSAGE][PASSED] - Object: 'Object Repository/GBMS Home Page/button_Customer Portal' is clicked on

2019-04-08 11:22:09 - [TEST_STEP][PASSED] - waitForPageLoad(0): Wait for page load successfully

2019-04-08 11:22:09 - [MESSAGE][WARNING] - Timeout '0' is invalid. Using default page load timeout: '30'

2019-04-08 11:22:09 - [MESSAGE][PASSED] - Wait for page load successfully

2019-04-08 11:22:09 - [TEST_STEP][PASSED] - back(): Navigate back successfully

2019-04-08 11:22:09 - [MESSAGE][PASSED] - Navigate back successfully

2019-04-08 11:22:09 - [TEST_STEP][PASSED] - waitForPageLoad(0): Wait for page load successfully

2019-04-08 11:22:09 - [MESSAGE][WARNING] - Timeout '0' is invalid. Using default page load timeout: '30'

2019-04-08 11:22:09 - [MESSAGE][PASSED] - Wait for page load successfully

2019-04-08 11:22:09 - [TEST_STEP][PASSED] - verifyElementVisible(findTestObject("GBMS Home Page/Assets"), STOP_ON_FAILURE): Object 'Object Repository/GBMS Home Page/Assets' is visible

2019-04-08 11:22:09 - [MESSAGE][PASSED] - Object 'Object Repository/GBMS Home Page/Assets' is visible

2019-04-08 11:22:09 - [TEST_STEP][PASSED] - closeBrowser(): Browser is closed

2019-04-08 11:22:10 - [MESSAGE][PASSED] - Browser is closed]]></system-out>
         <system-err><![CDATA[]]></system-err>
      </testcase>
      <testcase name="Test Cases/ScreenCrawl/ScreenCrawlCarHire" classname="Test Cases/ScreenCrawl/ScreenCrawlCarHire" status="PASSED">
         <system-out><![CDATA[2019-04-08 11:22:12 - [TEST_CASE][PASSED] - Test Cases/ScreenCrawl/ScreenCrawlCarHire: Test Cases/ScreenCrawl/ScreenCrawlCarHire

2019-04-08 11:22:12 - [TEST_STEP][PASSED] - openBrowser(""): Browser is opened with url: ''

2019-04-08 11:22:12 - [MESSAGE][INFO] - Starting 'Chrome' driver

2019-04-08 11:22:16 - [MESSAGE][PASSED] - Browser is opened with url: ''

2019-04-08 11:22:16 - [TEST_STEP][PASSED] - deleteAllCookies(): Delete all cookies successfully

2019-04-08 11:22:16 - [MESSAGE][PASSED] - Delete all cookies successfully

2019-04-08 11:22:16 - [TEST_STEP][PASSED] - maximizeWindow(): Current window maximized

2019-04-08 11:22:17 - [MESSAGE][PASSED] - Current window maximized

2019-04-08 11:22:17 - [TEST_STEP][PASSED] - navigateToUrl("http://enspire-qa.gbrx.com/"): Navigate to 'http://enspire-qa.gbrx.com/' successfully

2019-04-08 11:22:18 - [MESSAGE][PASSED] - Navigate to 'http://enspire-qa.gbrx.com/' successfully

2019-04-08 11:22:18 - [TEST_STEP][PASSED] - waitForPageLoad(0): Wait for page load successfully

2019-04-08 11:22:18 - [MESSAGE][WARNING] - Timeout '0' is invalid. Using default page load timeout: '30'

2019-04-08 11:22:18 - [MESSAGE][PASSED] - Wait for page load successfully

2019-04-08 11:22:18 - [TEST_STEP][PASSED] - sendKeys(findTestObject("Login Page/Username Field"), ScreenCrawlUser): Keys 'GMS/ScreenCrawlAllRoles' sent to object: 'Object Repository/Login Page/Username Field'

2019-04-08 11:22:18 - [MESSAGE][PASSED] - Keys 'GMS/ScreenCrawlAllRoles' sent to object: 'Object Repository/Login Page/Username Field'

2019-04-08 11:22:18 - [TEST_STEP][PASSED] - sendKeys(findTestObject("Login Page/Password Field"), ScreenCrawlPass): Keys '123456789' sent to object: 'Object Repository/Login Page/Password Field'

2019-04-08 11:22:18 - [MESSAGE][PASSED] - Keys '123456789' sent to object: 'Object Repository/Login Page/Password Field'

2019-04-08 11:22:18 - [TEST_STEP][PASSED] - click(findTestObject("Login Page/Login Button")): Object: 'Object Repository/Login Page/Login Button' is clicked on

2019-04-08 11:22:21 - [MESSAGE][PASSED] - Object: 'Object Repository/Login Page/Login Button' is clicked on

2019-04-08 11:22:21 - [TEST_STEP][PASSED] - waitForPageLoad(0): Wait for page load successfully

2019-04-08 11:22:21 - [MESSAGE][WARNING] - Timeout '0' is invalid. Using default page load timeout: '30'

2019-04-08 11:22:21 - [MESSAGE][PASSED] - Wait for page load successfully

2019-04-08 11:22:21 - [TEST_STEP][PASSED] - verifyElementVisible(findTestObject("GBMS Home Page/GBX Logo")): Object 'Object Repository/GBMS Home Page/GBX Logo' is visible

2019-04-08 11:22:21 - [MESSAGE][PASSED] - Object 'Object Repository/GBMS Home Page/GBX Logo' is visible

2019-04-08 11:22:21 - [TEST_STEP][NOT_RUN] - click(findTestObject("GBMS Home Page/button_Payables")): NOT_RUN: click(findTestObject("GBMS Home Page/button_Payables"))

2019-04-08 11:22:21 - [MESSAGE][NOT_RUN] - NOT_RUN: click(findTestObject("GBMS Home Page/button_Payables"))

2019-04-08 11:22:21 - [TEST_STEP][NOT_RUN] - waitForPageLoad(0): NOT_RUN: waitForPageLoad(0)

2019-04-08 11:22:21 - [MESSAGE][NOT_RUN] - NOT_RUN: waitForPageLoad(0)

2019-04-08 11:22:21 - [TEST_STEP][NOT_RUN] - switchToWindowTitle("cc.gbrx.com"): NOT_RUN: switchToWindowTitle("cc.gbrx.com")

2019-04-08 11:22:21 - [MESSAGE][NOT_RUN] - NOT_RUN: switchToWindowTitle("cc.gbrx.com")

2019-04-08 11:22:21 - [TEST_STEP][NOT_RUN] - delay(3): NOT_RUN: delay(3)

2019-04-08 11:22:21 - [MESSAGE][NOT_RUN] - NOT_RUN: delay(3)

2019-04-08 11:22:21 - [TEST_STEP][NOT_RUN] - back(): NOT_RUN: back()

2019-04-08 11:22:21 - [MESSAGE][NOT_RUN] - NOT_RUN: back()

2019-04-08 11:22:21 - [TEST_STEP][NOT_RUN] - waitForPageLoad(0): NOT_RUN: waitForPageLoad(0)

2019-04-08 11:22:21 - [MESSAGE][NOT_RUN] - NOT_RUN: waitForPageLoad(0)

2019-04-08 11:22:21 - [TEST_STEP][PASSED] - verifyElementVisible(findTestObject("GBMS Home Page/GBX Logo")): Object 'Object Repository/GBMS Home Page/GBX Logo' is visible

2019-04-08 11:22:21 - [MESSAGE][PASSED] - Object 'Object Repository/GBMS Home Page/GBX Logo' is visible

2019-04-08 11:22:21 - [TEST_STEP][PASSED] - click(findTestObject("GBMS Home Page/button_Reclaim Validation")): Object: 'Object Repository/GBMS Home Page/button_Reclaim Validation' is clicked on

2019-04-08 11:22:28 - [MESSAGE][PASSED] - Object: 'Object Repository/GBMS Home Page/button_Reclaim Validation' is clicked on

2019-04-08 11:22:28 - [TEST_STEP][PASSED] - waitForPageLoad(0): Wait for page load successfully

2019-04-08 11:22:28 - [MESSAGE][WARNING] - Timeout '0' is invalid. Using default page load timeout: '30'

2019-04-08 11:22:28 - [MESSAGE][PASSED] - Wait for page load successfully

2019-04-08 11:22:28 - [TEST_STEP][PASSED] - waitForElementVisible(findTestObject("Object Repository/Reclaim Validation Candidate Dashboard/Search Section"), 0): Object 'Object Repository/Reclaim Validation Candidate Dashboard/Search Section' is visible

2019-04-08 11:22:28 - [MESSAGE][WARNING] - Timeout '0' is invalid. Using default page load timeout: '30'

2019-04-08 11:22:28 - [MESSAGE][PASSED] - Object 'Object Repository/Reclaim Validation Candidate Dashboard/Search Section' is visible

2019-04-08 11:22:28 - [TEST_STEP][PASSED] - back(): Navigate back successfully

2019-04-08 11:22:28 - [MESSAGE][PASSED] - Navigate back successfully

2019-04-08 11:22:28 - [TEST_STEP][PASSED] - waitForPageLoad(0): Wait for page load successfully

2019-04-08 11:22:28 - [MESSAGE][WARNING] - Timeout '0' is invalid. Using default page load timeout: '30'

2019-04-08 11:22:28 - [MESSAGE][PASSED] - Wait for page load successfully

2019-04-08 11:22:28 - [TEST_STEP][PASSED] - verifyElementVisible(findTestObject("GBMS Home Page/GBX Logo")): Object 'Object Repository/GBMS Home Page/GBX Logo' is visible

2019-04-08 11:22:28 - [MESSAGE][PASSED] - Object 'Object Repository/GBMS Home Page/GBX Logo' is visible

2019-04-08 11:22:28 - [TEST_STEP][PASSED] - click(findTestObject("GBMS Home Page/button_Reporting Dashboard")): Object: 'Object Repository/GBMS Home Page/button_Reporting Dashboard' is clicked on

2019-04-08 11:22:29 - [MESSAGE][PASSED] - Object: 'Object Repository/GBMS Home Page/button_Reporting Dashboard' is clicked on

2019-04-08 11:22:29 - [TEST_STEP][PASSED] - waitForPageLoad(0): Wait for page load successfully

2019-04-08 11:22:29 - [MESSAGE][WARNING] - Timeout '0' is invalid. Using default page load timeout: '30'

2019-04-08 11:22:29 - [MESSAGE][PASSED] - Wait for page load successfully

2019-04-08 11:22:29 - [TEST_STEP][PASSED] - waitForElementVisible(findTestObject("Object Repository/Reporting Dashboard/Report Parameters"), 0): Object 'Object Repository/Reporting Dashboard/Report Parameters' is visible

2019-04-08 11:22:29 - [MESSAGE][WARNING] - Timeout '0' is invalid. Using default page load timeout: '30'

2019-04-08 11:22:29 - [MESSAGE][PASSED] - Object 'Object Repository/Reporting Dashboard/Report Parameters' is visible

2019-04-08 11:22:29 - [TEST_STEP][PASSED] - back(): Navigate back successfully

2019-04-08 11:22:29 - [MESSAGE][PASSED] - Navigate back successfully

2019-04-08 11:22:29 - [TEST_STEP][PASSED] - waitForPageLoad(0): Wait for page load successfully

2019-04-08 11:22:29 - [MESSAGE][WARNING] - Timeout '0' is invalid. Using default page load timeout: '30'

2019-04-08 11:22:29 - [MESSAGE][PASSED] - Wait for page load successfully

2019-04-08 11:22:29 - [TEST_STEP][PASSED] - verifyElementVisible(findTestObject("GBMS Home Page/GBX Logo")): Object 'Object Repository/GBMS Home Page/GBX Logo' is visible

2019-04-08 11:22:29 - [MESSAGE][PASSED] - Object 'Object Repository/GBMS Home Page/GBX Logo' is visible

2019-04-08 11:22:29 - [TEST_STEP][PASSED] - click(findTestObject("GBMS Home Page/button_Claims Management")): Object: 'Object Repository/GBMS Home Page/button_Claims Management' is clicked on

2019-04-08 11:22:36 - [MESSAGE][PASSED] - Object: 'Object Repository/GBMS Home Page/button_Claims Management' is clicked on

2019-04-08 11:22:36 - [TEST_STEP][PASSED] - waitForPageLoad(0): Wait for page load successfully

2019-04-08 11:22:36 - [MESSAGE][WARNING] - Timeout '0' is invalid. Using default page load timeout: '30'

2019-04-08 11:22:36 - [MESSAGE][PASSED] - Wait for page load successfully

2019-04-08 11:22:36 - [TEST_STEP][PASSED] - waitForElementVisible(findTestObject("Object Repository/Process Claims/Search Parameters"), 0): Object 'Object Repository/Process Claims/Search Parameters' is visible

2019-04-08 11:22:36 - [MESSAGE][WARNING] - Timeout '0' is invalid. Using default page load timeout: '30'

2019-04-08 11:22:36 - [MESSAGE][PASSED] - Object 'Object Repository/Process Claims/Search Parameters' is visible

2019-04-08 11:22:36 - [TEST_STEP][PASSED] - waitForElementVisible(findTestObject("Object Repository/Process Claims/ReceiptReporting Dates"), 0): Object 'Object Repository/Process Claims/ReceiptReporting Dates' is visible

2019-04-08 11:22:36 - [MESSAGE][WARNING] - Timeout '0' is invalid. Using default page load timeout: '30'

2019-04-08 11:22:36 - [MESSAGE][PASSED] - Object 'Object Repository/Process Claims/ReceiptReporting Dates' is visible

2019-04-08 11:22:36 - [TEST_STEP][PASSED] - waitForElementVisible(findTestObject("Object Repository/Process Claims/Claim Search Results"), 0): Object 'Object Repository/Process Claims/Claim Search Results' is visible

2019-04-08 11:22:36 - [MESSAGE][WARNING] - Timeout '0' is invalid. Using default page load timeout: '30'

2019-04-08 11:22:37 - [MESSAGE][PASSED] - Object 'Object Repository/Process Claims/Claim Search Results' is visible

2019-04-08 11:22:37 - [TEST_STEP][PASSED] - back(): Navigate back successfully

2019-04-08 11:22:37 - [MESSAGE][PASSED] - Navigate back successfully

2019-04-08 11:22:37 - [TEST_STEP][PASSED] - waitForPageLoad(0): Wait for page load successfully

2019-04-08 11:22:37 - [MESSAGE][WARNING] - Timeout '0' is invalid. Using default page load timeout: '30'

2019-04-08 11:22:37 - [MESSAGE][PASSED] - Wait for page load successfully

2019-04-08 11:22:37 - [TEST_STEP][PASSED] - verifyElementVisible(findTestObject("GBMS Home Page/GBX Logo")): Object 'Object Repository/GBMS Home Page/GBX Logo' is visible

2019-04-08 11:22:37 - [MESSAGE][PASSED] - Object 'Object Repository/GBMS Home Page/GBX Logo' is visible

2019-04-08 11:22:37 - [TEST_STEP][PASSED] - closeBrowser(): Browser is closed

2019-04-08 11:22:38 - [MESSAGE][PASSED] - Browser is closed]]></system-out>
         <system-err><![CDATA[]]></system-err>
      </testcase>
      <testcase name="Test Cases/ScreenCrawl/ScreenCrawlVisabilityLogistics" classname="Test Cases/ScreenCrawl/ScreenCrawlVisabilityLogistics" status="FAILED">
         <failure type="FAILED" message="Test Cases/ScreenCrawl/ScreenCrawlVisabilityLogistics FAILED.
Reason:
com.kms.katalon.core.exception.StepFailedException: Unable to wait for object to be visible
	at com.kms.katalon.core.keyword.internal.KeywordMain.stepFailed(KeywordMain.groovy:48)
	at com.kms.katalon.core.webui.keyword.internal.WebUIKeywordMain.stepFailed(WebUIKeywordMain.groovy:65)
	at com.kms.katalon.core.webui.keyword.internal.WebUIKeywordMain.runKeyword(WebUIKeywordMain.groovy:27)
	at com.kms.katalon.core.webui.keyword.builtin.WaitForElementVisibleKeyword.waitForElementVisible(WaitForElementVisibleKeyword.groovy:99)
	at com.kms.katalon.core.webui.keyword.builtin.WaitForElementVisibleKeyword.execute(WaitForElementVisibleKeyword.groovy:68)
	at com.kms.katalon.core.keyword.internal.KeywordExecutor.executeKeywordForPlatform(KeywordExecutor.groovy:56)
	at com.kms.katalon.core.webui.keyword.WebUiBuiltInKeywords.waitForElementVisible(WebUiBuiltInKeywords.groovy:434)
	at com.kms.katalon.core.webui.keyword.WebUiBuiltInKeywords$waitForElementVisible$10.call(Unknown Source)
	at ScreenCrawlVisabilityLogistics.run(ScreenCrawlVisabilityLogistics:93)
	at com.kms.katalon.core.main.ScriptEngine.run(ScriptEngine.java:194)
	at com.kms.katalon.core.main.ScriptEngine.runScriptAsRawText(ScriptEngine.java:119)
	at com.kms.katalon.core.main.TestCaseExecutor.runScript(TestCaseExecutor.java:331)
	at com.kms.katalon.core.main.TestCaseExecutor.doExecute(TestCaseExecutor.java:322)
	at com.kms.katalon.core.main.TestCaseExecutor.processExecutionPhase(TestCaseExecutor.java:301)
	at com.kms.katalon.core.main.TestCaseExecutor.accessMainPhase(TestCaseExecutor.java:293)
	at com.kms.katalon.core.main.TestCaseExecutor.execute(TestCaseExecutor.java:227)
	at com.kms.katalon.core.main.TestSuiteExecutor.accessTestCaseMainPhase(TestSuiteExecutor.java:129)
	at com.kms.katalon.core.main.TestSuiteExecutor.accessTestSuiteMainPhase(TestSuiteExecutor.java:112)
	at com.kms.katalon.core.main.TestSuiteExecutor.execute(TestSuiteExecutor.java:81)
	at com.kms.katalon.core.main.TestCaseMain.startTestSuite(TestCaseMain.java:157)
	at com.kms.katalon.core.main.TestCaseMain$startTestSuite$0.call(Unknown Source)
	at TempTestSuite1554744103859.run(TempTestSuite1554744103859.groovy:35)
"/>
         <system-out><![CDATA[2019-04-08 11:22:40 - [TEST_CASE][FAILED] - Test Cases/ScreenCrawl/ScreenCrawlVisabilityLogistics: Test Cases/ScreenCrawl/ScreenCrawlVisabilityLogistics FAILED.
Reason:
com.kms.katalon.core.exception.StepFailedException: Unable to wait for object to be visible
	at com.kms.katalon.core.keyword.internal.KeywordMain.stepFailed(KeywordMain.groovy:48)
	at com.kms.katalon.core.webui.keyword.internal.WebUIKeywordMain.stepFailed(WebUIKeywordMain.groovy:65)
	at com.kms.katalon.core.webui.keyword.internal.WebUIKeywordMain.runKeyword(WebUIKeywordMain.groovy:27)
	at com.kms.katalon.core.webui.keyword.builtin.WaitForElementVisibleKeyword.waitForElementVisible(WaitForElementVisibleKeyword.groovy:99)
	at com.kms.katalon.core.webui.keyword.builtin.WaitForElementVisibleKeyword.execute(WaitForElementVisibleKeyword.groovy:68)
	at com.kms.katalon.core.keyword.internal.KeywordExecutor.executeKeywordForPlatform(KeywordExecutor.groovy:56)
	at com.kms.katalon.core.webui.keyword.WebUiBuiltInKeywords.waitForElementVisible(WebUiBuiltInKeywords.groovy:434)
	at com.kms.katalon.core.webui.keyword.WebUiBuiltInKeywords$waitForElementVisible$10.call(Unknown Source)
	at ScreenCrawlVisabilityLogistics.run(ScreenCrawlVisabilityLogistics:93)
	at com.kms.katalon.core.main.ScriptEngine.run(ScriptEngine.java:194)
	at com.kms.katalon.core.main.ScriptEngine.runScriptAsRawText(ScriptEngine.java:119)
	at com.kms.katalon.core.main.TestCaseExecutor.runScript(TestCaseExecutor.java:331)
	at com.kms.katalon.core.main.TestCaseExecutor.doExecute(TestCaseExecutor.java:322)
	at com.kms.katalon.core.main.TestCaseExecutor.processExecutionPhase(TestCaseExecutor.java:301)
	at com.kms.katalon.core.main.TestCaseExecutor.accessMainPhase(TestCaseExecutor.java:293)
	at com.kms.katalon.core.main.TestCaseExecutor.execute(TestCaseExecutor.java:227)
	at com.kms.katalon.core.main.TestSuiteExecutor.accessTestCaseMainPhase(TestSuiteExecutor.java:129)
	at com.kms.katalon.core.main.TestSuiteExecutor.accessTestSuiteMainPhase(TestSuiteExecutor.java:112)
	at com.kms.katalon.core.main.TestSuiteExecutor.execute(TestSuiteExecutor.java:81)
	at com.kms.katalon.core.main.TestCaseMain.startTestSuite(TestCaseMain.java:157)
	at com.kms.katalon.core.main.TestCaseMain$startTestSuite$0.call(Unknown Source)
	at TempTestSuite1554744103859.run(TempTestSuite1554744103859.groovy:35)


2019-04-08 11:22:40 - [TEST_STEP][PASSED] - openBrowser(""): Browser is opened with url: ''

2019-04-08 11:22:40 - [MESSAGE][INFO] - Starting 'Chrome' driver

2019-04-08 11:22:43 - [MESSAGE][PASSED] - Browser is opened with url: ''

2019-04-08 11:22:43 - [TEST_STEP][PASSED] - deleteAllCookies(): Delete all cookies successfully

2019-04-08 11:22:43 - [MESSAGE][PASSED] - Delete all cookies successfully

2019-04-08 11:22:43 - [TEST_STEP][PASSED] - maximizeWindow(): Current window maximized

2019-04-08 11:22:44 - [MESSAGE][PASSED] - Current window maximized

2019-04-08 11:22:44 - [TEST_STEP][PASSED] - navigateToUrl("http://enspire-qa.gbrx.com/"): Navigate to 'http://enspire-qa.gbrx.com/' successfully

2019-04-08 11:22:45 - [MESSAGE][PASSED] - Navigate to 'http://enspire-qa.gbrx.com/' successfully

2019-04-08 11:22:45 - [TEST_STEP][PASSED] - waitForPageLoad(0): Wait for page load successfully

2019-04-08 11:22:45 - [MESSAGE][WARNING] - Timeout '0' is invalid. Using default page load timeout: '30'

2019-04-08 11:22:45 - [MESSAGE][PASSED] - Wait for page load successfully

2019-04-08 11:22:45 - [TEST_STEP][PASSED] - sendKeys(findTestObject("Login Page/Username Field"), ScreenCrawlUser): Keys 'GMS/ScreenCrawlAllRoles' sent to object: 'Object Repository/Login Page/Username Field'

2019-04-08 11:22:45 - [MESSAGE][PASSED] - Keys 'GMS/ScreenCrawlAllRoles' sent to object: 'Object Repository/Login Page/Username Field'

2019-04-08 11:22:45 - [TEST_STEP][PASSED] - sendKeys(findTestObject("Login Page/Password Field"), ScreenCrawlPass): Keys '123456789' sent to object: 'Object Repository/Login Page/Password Field'

2019-04-08 11:22:46 - [MESSAGE][PASSED] - Keys '123456789' sent to object: 'Object Repository/Login Page/Password Field'

2019-04-08 11:22:46 - [TEST_STEP][PASSED] - click(findTestObject("Login Page/Login Button")): Object: 'Object Repository/Login Page/Login Button' is clicked on

2019-04-08 11:22:47 - [MESSAGE][PASSED] - Object: 'Object Repository/Login Page/Login Button' is clicked on

2019-04-08 11:22:47 - [TEST_STEP][PASSED] - waitForPageLoad(0): Wait for page load successfully

2019-04-08 11:22:47 - [MESSAGE][WARNING] - Timeout '0' is invalid. Using default page load timeout: '30'

2019-04-08 11:22:47 - [MESSAGE][PASSED] - Wait for page load successfully

2019-04-08 11:22:47 - [TEST_STEP][PASSED] - verifyElementVisible(findTestObject("GBMS Home Page/Visibility  Logistics"), STOP_ON_FAILURE): Object 'Object Repository/GBMS Home Page/Visibility  Logistics' is visible

2019-04-08 11:22:47 - [MESSAGE][PASSED] - Object 'Object Repository/GBMS Home Page/Visibility  Logistics' is visible

2019-04-08 11:22:47 - [TEST_STEP][PASSED] - click(findTestObject("GBMS Home Page/button_Problem Trips")): Object: 'Object Repository/GBMS Home Page/button_Problem Trips' is clicked on

2019-04-08 11:22:54 - [MESSAGE][PASSED] - Object: 'Object Repository/GBMS Home Page/button_Problem Trips' is clicked on

2019-04-08 11:22:54 - [TEST_STEP][PASSED] - waitForPageLoad(0): Wait for page load successfully

2019-04-08 11:22:54 - [MESSAGE][WARNING] - Timeout '0' is invalid. Using default page load timeout: '30'

2019-04-08 11:22:54 - [MESSAGE][PASSED] - Wait for page load successfully

2019-04-08 11:22:54 - [TEST_STEP][PASSED] - waitForElementVisible(findTestObject("Object Repository/Trip Problem Overview/Car Status by Car Mark"), 0): Object 'Object Repository/Trip Problem Overview/Car Status by Car Mark' is visible

2019-04-08 11:22:54 - [MESSAGE][WARNING] - Timeout '0' is invalid. Using default page load timeout: '30'

2019-04-08 11:22:54 - [MESSAGE][PASSED] - Object 'Object Repository/Trip Problem Overview/Car Status by Car Mark' is visible

2019-04-08 11:22:54 - [TEST_STEP][PASSED] - waitForElementVisible(findTestObject("Object Repository/Trip Problem Overview/Search Trips by PO Number"), 0): Object 'Object Repository/Trip Problem Overview/Search Trips by PO Number' is visible

2019-04-08 11:22:54 - [MESSAGE][WARNING] - Timeout '0' is invalid. Using default page load timeout: '30'

2019-04-08 11:22:54 - [MESSAGE][PASSED] - Object 'Object Repository/Trip Problem Overview/Search Trips by PO Number' is visible

2019-04-08 11:22:54 - [TEST_STEP][PASSED] - waitForElementVisible(findTestObject("Object Repository/Trip Problem Overview/Trip Problems"), 0): Object 'Object Repository/Trip Problem Overview/Trip Problems' is visible

2019-04-08 11:22:54 - [MESSAGE][WARNING] - Timeout '0' is invalid. Using default page load timeout: '30'

2019-04-08 11:22:54 - [MESSAGE][PASSED] - Object 'Object Repository/Trip Problem Overview/Trip Problems' is visible

2019-04-08 11:22:54 - [TEST_STEP][PASSED] - back(): Navigate back successfully

2019-04-08 11:22:54 - [MESSAGE][PASSED] - Navigate back successfully

2019-04-08 11:22:54 - [TEST_STEP][PASSED] - waitForPageLoad(0): Wait for page load successfully

2019-04-08 11:22:54 - [MESSAGE][WARNING] - Timeout '0' is invalid. Using default page load timeout: '30'

2019-04-08 11:22:54 - [MESSAGE][PASSED] - Wait for page load successfully

2019-04-08 11:22:54 - [TEST_STEP][PASSED] - verifyElementVisible(findTestObject("GBMS Home Page/Visibility  Logistics"), STOP_ON_FAILURE): Object 'Object Repository/GBMS Home Page/Visibility  Logistics' is visible

2019-04-08 11:22:54 - [MESSAGE][PASSED] - Object 'Object Repository/GBMS Home Page/Visibility  Logistics' is visible

2019-04-08 11:22:54 - [TEST_STEP][PASSED] - click(findTestObject("GBMS Home Page/button_CLM Search")): Object: 'Object Repository/GBMS Home Page/button_CLM Search' is clicked on

2019-04-08 11:22:57 - [MESSAGE][PASSED] - Object: 'Object Repository/GBMS Home Page/button_CLM Search' is clicked on

2019-04-08 11:22:57 - [TEST_STEP][PASSED] - waitForPageLoad(0): Wait for page load successfully

2019-04-08 11:22:57 - [MESSAGE][WARNING] - Timeout '0' is invalid. Using default page load timeout: '30'

2019-04-08 11:22:57 - [MESSAGE][PASSED] - Wait for page load successfully

2019-04-08 11:22:57 - [TEST_STEP][PASSED] - waitForElementVisible(findTestObject("Object Repository/CLM Search/CLM Search"), 0): Object 'Object Repository/CLM Search/CLM Search' is visible

2019-04-08 11:22:57 - [MESSAGE][WARNING] - Timeout '0' is invalid. Using default page load timeout: '30'

2019-04-08 11:22:57 - [MESSAGE][PASSED] - Object 'Object Repository/CLM Search/CLM Search' is visible

2019-04-08 11:22:57 - [TEST_STEP][PASSED] - back(): Navigate back successfully

2019-04-08 11:22:58 - [MESSAGE][PASSED] - Navigate back successfully

2019-04-08 11:22:58 - [TEST_STEP][PASSED] - waitForPageLoad(0): Wait for page load successfully

2019-04-08 11:22:58 - [MESSAGE][WARNING] - Timeout '0' is invalid. Using default page load timeout: '30'

2019-04-08 11:22:58 - [MESSAGE][PASSED] - Wait for page load successfully

2019-04-08 11:22:58 - [TEST_STEP][PASSED] - verifyElementVisible(findTestObject("GBMS Home Page/Visibility  Logistics"), STOP_ON_FAILURE): Object 'Object Repository/GBMS Home Page/Visibility  Logistics' is visible

2019-04-08 11:22:58 - [MESSAGE][PASSED] - Object 'Object Repository/GBMS Home Page/Visibility  Logistics' is visible

2019-04-08 11:22:58 - [TEST_STEP][PASSED] - click(findTestObject("GBMS Home Page/button_Trace Projects")): Object: 'Object Repository/GBMS Home Page/button_Trace Projects' is clicked on

2019-04-08 11:22:59 - [MESSAGE][PASSED] - Object: 'Object Repository/GBMS Home Page/button_Trace Projects' is clicked on

2019-04-08 11:22:59 - [TEST_STEP][PASSED] - waitForPageLoad(0): Wait for page load successfully

2019-04-08 11:22:59 - [MESSAGE][WARNING] - Timeout '0' is invalid. Using default page load timeout: '30'

2019-04-08 11:22:59 - [MESSAGE][PASSED] - Wait for page load successfully

2019-04-08 11:22:59 - [TEST_STEP][PASSED] - waitForElementVisible(findTestObject("Object Repository/Tracing Project Search/Tracing Project Search"), 0): Object 'Object Repository/Tracing Project Search/Tracing Project Search' is visible

2019-04-08 11:22:59 - [MESSAGE][WARNING] - Timeout '0' is invalid. Using default page load timeout: '30'

2019-04-08 11:22:59 - [MESSAGE][PASSED] - Object 'Object Repository/Tracing Project Search/Tracing Project Search' is visible

2019-04-08 11:22:59 - [TEST_STEP][PASSED] - back(): Navigate back successfully

2019-04-08 11:22:59 - [MESSAGE][PASSED] - Navigate back successfully

2019-04-08 11:22:59 - [TEST_STEP][PASSED] - waitForPageLoad(0): Wait for page load successfully

2019-04-08 11:22:59 - [MESSAGE][WARNING] - Timeout '0' is invalid. Using default page load timeout: '30'

2019-04-08 11:22:59 - [MESSAGE][PASSED] - Wait for page load successfully

2019-04-08 11:22:59 - [TEST_STEP][PASSED] - verifyElementVisible(findTestObject("GBMS Home Page/Visibility  Logistics"), STOP_ON_FAILURE): Object 'Object Repository/GBMS Home Page/Visibility  Logistics' is visible

2019-04-08 11:22:59 - [MESSAGE][PASSED] - Object 'Object Repository/GBMS Home Page/Visibility  Logistics' is visible

2019-04-08 11:22:59 - [TEST_STEP][PASSED] - click(findTestObject("GBMS Home Page/button_Trip Search")): Object: 'Object Repository/GBMS Home Page/button_Trip Search' is clicked on

2019-04-08 11:23:03 - [MESSAGE][PASSED] - Object: 'Object Repository/GBMS Home Page/button_Trip Search' is clicked on

2019-04-08 11:23:03 - [TEST_STEP][PASSED] - waitForPageLoad(0): Wait for page load successfully

2019-04-08 11:23:03 - [MESSAGE][WARNING] - Timeout '0' is invalid. Using default page load timeout: '30'

2019-04-08 11:23:04 - [MESSAGE][PASSED] - Wait for page load successfully

2019-04-08 11:23:04 - [TEST_STEP][PASSED] - waitForElementVisible(findTestObject("Object Repository/Trip Search/Trip Search"), 0): Object 'Object Repository/Trip Search/Trip Search' is visible

2019-04-08 11:23:04 - [MESSAGE][WARNING] - Timeout '0' is invalid. Using default page load timeout: '30'

2019-04-08 11:23:04 - [MESSAGE][PASSED] - Object 'Object Repository/Trip Search/Trip Search' is visible

2019-04-08 11:23:04 - [TEST_STEP][PASSED] - back(): Navigate back successfully

2019-04-08 11:23:04 - [MESSAGE][PASSED] - Navigate back successfully

2019-04-08 11:23:04 - [TEST_STEP][PASSED] - waitForPageLoad(0): Wait for page load successfully

2019-04-08 11:23:04 - [MESSAGE][WARNING] - Timeout '0' is invalid. Using default page load timeout: '30'

2019-04-08 11:23:04 - [MESSAGE][PASSED] - Wait for page load successfully

2019-04-08 11:23:04 - [TEST_STEP][PASSED] - verifyElementVisible(findTestObject("GBMS Home Page/Visibility  Logistics"), STOP_ON_FAILURE): Object 'Object Repository/GBMS Home Page/Visibility  Logistics' is visible

2019-04-08 11:23:04 - [MESSAGE][PASSED] - Object 'Object Repository/GBMS Home Page/Visibility  Logistics' is visible

2019-04-08 11:23:04 - [TEST_STEP][PASSED] - click(findTestObject("GBMS Home Page/button_Yard Dashboard")): Object: 'Object Repository/GBMS Home Page/button_Yard Dashboard' is clicked on

2019-04-08 11:23:07 - [MESSAGE][PASSED] - Object: 'Object Repository/GBMS Home Page/button_Yard Dashboard' is clicked on

2019-04-08 11:23:07 - [TEST_STEP][PASSED] - waitForPageLoad(0): Wait for page load successfully

2019-04-08 11:23:07 - [MESSAGE][WARNING] - Timeout '0' is invalid. Using default page load timeout: '30'

2019-04-08 11:23:07 - [MESSAGE][PASSED] - Wait for page load successfully

2019-04-08 11:23:07 - [TEST_STEP][FAILED] - waitForElementVisible(findTestObject(null), 0): waitForElementVisible(findTestObject(null), 0) FAILED.
Reason:
com.kms.katalon.core.exception.StepFailedException: Unable to wait for object to be visible
	at com.kms.katalon.core.keyword.internal.KeywordMain.stepFailed(KeywordMain.groovy:48)
	at com.kms.katalon.core.webui.keyword.internal.WebUIKeywordMain.stepFailed(WebUIKeywordMain.groovy:65)
	at com.kms.katalon.core.webui.keyword.internal.WebUIKeywordMain.runKeyword(WebUIKeywordMain.groovy:27)
	at com.kms.katalon.core.webui.keyword.builtin.WaitForElementVisibleKeyword.waitForElementVisible(WaitForElementVisibleKeyword.groovy:99)
	at com.kms.katalon.core.webui.keyword.builtin.WaitForElementVisibleKeyword.execute(WaitForElementVisibleKeyword.groovy:68)
	at com.kms.katalon.core.keyword.internal.KeywordExecutor.executeKeywordForPlatform(KeywordExecutor.groovy:56)
	at com.kms.katalon.core.webui.keyword.WebUiBuiltInKeywords.waitForElementVisible(WebUiBuiltInKeywords.groovy:434)
	at com.kms.katalon.core.webui.keyword.WebUiBuiltInKeywords$waitForElementVisible$10.call(Unknown Source)
	at ScreenCrawlVisabilityLogistics.run(ScreenCrawlVisabilityLogistics:93)
	at com.kms.katalon.core.main.ScriptEngine.run(ScriptEngine.java:194)
	at com.kms.katalon.core.main.ScriptEngine.runScriptAsRawText(ScriptEngine.java:119)
	at com.kms.katalon.core.main.TestCaseExecutor.runScript(TestCaseExecutor.java:331)
	at com.kms.katalon.core.main.TestCaseExecutor.doExecute(TestCaseExecutor.java:322)
	at com.kms.katalon.core.main.TestCaseExecutor.processExecutionPhase(TestCaseExecutor.java:301)
	at com.kms.katalon.core.main.TestCaseExecutor.accessMainPhase(TestCaseExecutor.java:293)
	at com.kms.katalon.core.main.TestCaseExecutor.execute(TestCaseExecutor.java:227)
	at com.kms.katalon.core.main.TestSuiteExecutor.accessTestCaseMainPhase(TestSuiteExecutor.java:129)
	at com.kms.katalon.core.main.TestSuiteExecutor.accessTestSuiteMainPhase(TestSuiteExecutor.java:112)
	at com.kms.katalon.core.main.TestSuiteExecutor.execute(TestSuiteExecutor.java:81)
	at com.kms.katalon.core.main.TestCaseMain.startTestSuite(TestCaseMain.java:157)
	at com.kms.katalon.core.main.TestCaseMain$startTestSuite$0.call(Unknown Source)
	at TempTestSuite1554744103859.run(TempTestSuite1554744103859.groovy:35)


2019-04-08 11:23:07 - [MESSAGE][WARNING] - Test object id is null

2019-04-08 11:23:07 - [MESSAGE][WARNING] - Test object with id 'Object Repository/' does not exist

2019-04-08 11:23:08 - [MESSAGE][FAILED] - Unable to wait for object to be visible
[[ATTACHMENT|C:\\Users\\patrick.murphy\\Katalon Studio\\KatalonDemo\\Reports\\ScreenCrawl\\ScreenCrawlHappyPath\\20190408_112139\\1554744187951.png]]

2019-04-08 11:23:08 - [MESSAGE][FAILED] - waitForElementVisible(findTestObject(null), 0) FAILED.
Reason:
com.kms.katalon.core.exception.StepFailedException: Unable to wait for object to be visible
	at com.kms.katalon.core.keyword.internal.KeywordMain.stepFailed(KeywordMain.groovy:48)
	at com.kms.katalon.core.webui.keyword.internal.WebUIKeywordMain.stepFailed(WebUIKeywordMain.groovy:65)
	at com.kms.katalon.core.webui.keyword.internal.WebUIKeywordMain.runKeyword(WebUIKeywordMain.groovy:27)
	at com.kms.katalon.core.webui.keyword.builtin.WaitForElementVisibleKeyword.waitForElementVisible(WaitForElementVisibleKeyword.groovy:99)
	at com.kms.katalon.core.webui.keyword.builtin.WaitForElementVisibleKeyword.execute(WaitForElementVisibleKeyword.groovy:68)
	at com.kms.katalon.core.keyword.internal.KeywordExecutor.executeKeywordForPlatform(KeywordExecutor.groovy:56)
	at com.kms.katalon.core.webui.keyword.WebUiBuiltInKeywords.waitForElementVisible(WebUiBuiltInKeywords.groovy:434)
	at com.kms.katalon.core.webui.keyword.WebUiBuiltInKeywords$waitForElementVisible$10.call(Unknown Source)
	at ScreenCrawlVisabilityLogistics.run(ScreenCrawlVisabilityLogistics:93)
	at com.kms.katalon.core.main.ScriptEngine.run(ScriptEngine.java:194)
	at com.kms.katalon.core.main.ScriptEngine.runScriptAsRawText(ScriptEngine.java:119)
	at com.kms.katalon.core.main.TestCaseExecutor.runScript(TestCaseExecutor.java:331)
	at com.kms.katalon.core.main.TestCaseExecutor.doExecute(TestCaseExecutor.java:322)
	at com.kms.katalon.core.main.TestCaseExecutor.processExecutionPhase(TestCaseExecutor.java:301)
	at com.kms.katalon.core.main.TestCaseExecutor.accessMainPhase(TestCaseExecutor.java:293)
	at com.kms.katalon.core.main.TestCaseExecutor.execute(TestCaseExecutor.java:227)
	at com.kms.katalon.core.main.TestSuiteExecutor.accessTestCaseMainPhase(TestSuiteExecutor.java:129)
	at com.kms.katalon.core.main.TestSuiteExecutor.accessTestSuiteMainPhase(TestSuiteExecutor.java:112)
	at com.kms.katalon.core.main.TestSuiteExecutor.execute(TestSuiteExecutor.java:81)
	at com.kms.katalon.core.main.TestCaseMain.startTestSuite(TestCaseMain.java:157)
	at com.kms.katalon.core.main.TestCaseMain$startTestSuite$0.call(Unknown Source)
	at TempTestSuite1554744103859.run(TempTestSuite1554744103859.groovy:35)]]></system-out>
         <system-err><![CDATA[2019-04-08 11:22:40 - [TEST_CASE][FAILED] - Test Cases/ScreenCrawl/ScreenCrawlVisabilityLogistics: Test Cases/ScreenCrawl/ScreenCrawlVisabilityLogistics FAILED.
Reason:
com.kms.katalon.core.exception.StepFailedException: Unable to wait for object to be visible
	at com.kms.katalon.core.keyword.internal.KeywordMain.stepFailed(KeywordMain.groovy:48)
	at com.kms.katalon.core.webui.keyword.internal.WebUIKeywordMain.stepFailed(WebUIKeywordMain.groovy:65)
	at com.kms.katalon.core.webui.keyword.internal.WebUIKeywordMain.runKeyword(WebUIKeywordMain.groovy:27)
	at com.kms.katalon.core.webui.keyword.builtin.WaitForElementVisibleKeyword.waitForElementVisible(WaitForElementVisibleKeyword.groovy:99)
	at com.kms.katalon.core.webui.keyword.builtin.WaitForElementVisibleKeyword.execute(WaitForElementVisibleKeyword.groovy:68)
	at com.kms.katalon.core.keyword.internal.KeywordExecutor.executeKeywordForPlatform(KeywordExecutor.groovy:56)
	at com.kms.katalon.core.webui.keyword.WebUiBuiltInKeywords.waitForElementVisible(WebUiBuiltInKeywords.groovy:434)
	at com.kms.katalon.core.webui.keyword.WebUiBuiltInKeywords$waitForElementVisible$10.call(Unknown Source)
	at ScreenCrawlVisabilityLogistics.run(ScreenCrawlVisabilityLogistics:93)
	at com.kms.katalon.core.main.ScriptEngine.run(ScriptEngine.java:194)
	at com.kms.katalon.core.main.ScriptEngine.runScriptAsRawText(ScriptEngine.java:119)
	at com.kms.katalon.core.main.TestCaseExecutor.runScript(TestCaseExecutor.java:331)
	at com.kms.katalon.core.main.TestCaseExecutor.doExecute(TestCaseExecutor.java:322)
	at com.kms.katalon.core.main.TestCaseExecutor.processExecutionPhase(TestCaseExecutor.java:301)
	at com.kms.katalon.core.main.TestCaseExecutor.accessMainPhase(TestCaseExecutor.java:293)
	at com.kms.katalon.core.main.TestCaseExecutor.execute(TestCaseExecutor.java:227)
	at com.kms.katalon.core.main.TestSuiteExecutor.accessTestCaseMainPhase(TestSuiteExecutor.java:129)
	at com.kms.katalon.core.main.TestSuiteExecutor.accessTestSuiteMainPhase(TestSuiteExecutor.java:112)
	at com.kms.katalon.core.main.TestSuiteExecutor.execute(TestSuiteExecutor.java:81)
	at com.kms.katalon.core.main.TestCaseMain.startTestSuite(TestCaseMain.java:157)
	at com.kms.katalon.core.main.TestCaseMain$startTestSuite$0.call(Unknown Source)
	at TempTestSuite1554744103859.run(TempTestSuite1554744103859.groovy:35)]]></system-err>
      </testcase>
      <testcase name="Test Cases/ScreenCrawl/ScreenCrawlMaintinance Management" classname="Test Cases/ScreenCrawl/ScreenCrawlMaintinance Management" status="PASSED">
         <system-out><![CDATA[2019-04-08 11:23:10 - [TEST_CASE][PASSED] - Test Cases/ScreenCrawl/ScreenCrawlMaintinance Management: Test Cases/ScreenCrawl/ScreenCrawlMaintinance Management

2019-04-08 11:23:10 - [TEST_STEP][PASSED] - openBrowser(""): Browser is opened with url: ''

2019-04-08 11:23:10 - [MESSAGE][WARNING] - A browser is already opened. Closing browser and opening a new one

2019-04-08 11:23:11 - [MESSAGE][INFO] - Starting 'Chrome' driver

2019-04-08 11:23:14 - [MESSAGE][PASSED] - Browser is opened with url: ''

2019-04-08 11:23:14 - [TEST_STEP][PASSED] - deleteAllCookies(): Delete all cookies successfully

2019-04-08 11:23:14 - [MESSAGE][PASSED] - Delete all cookies successfully

2019-04-08 11:23:14 - [TEST_STEP][PASSED] - maximizeWindow(): Current window maximized

2019-04-08 11:23:16 - [MESSAGE][PASSED] - Current window maximized

2019-04-08 11:23:16 - [TEST_STEP][PASSED] - navigateToUrl("http://enspire-qa.gbrx.com/"): Navigate to 'http://enspire-qa.gbrx.com/' successfully

2019-04-08 11:23:17 - [MESSAGE][PASSED] - Navigate to 'http://enspire-qa.gbrx.com/' successfully

2019-04-08 11:23:17 - [TEST_STEP][PASSED] - waitForPageLoad(0): Wait for page load successfully

2019-04-08 11:23:17 - [MESSAGE][WARNING] - Timeout '0' is invalid. Using default page load timeout: '30'

2019-04-08 11:23:17 - [MESSAGE][PASSED] - Wait for page load successfully

2019-04-08 11:23:17 - [TEST_STEP][PASSED] - sendKeys(findTestObject("Login Page/Username Field"), ScreenCrawlUser): Keys 'GMS/ScreenCrawlAllRoles' sent to object: 'Object Repository/Login Page/Username Field'

2019-04-08 11:23:17 - [MESSAGE][PASSED] - Keys 'GMS/ScreenCrawlAllRoles' sent to object: 'Object Repository/Login Page/Username Field'

2019-04-08 11:23:17 - [TEST_STEP][PASSED] - sendKeys(findTestObject("Login Page/Password Field"), ScreenCrawlPass): Keys '123456789' sent to object: 'Object Repository/Login Page/Password Field'

2019-04-08 11:23:17 - [MESSAGE][PASSED] - Keys '123456789' sent to object: 'Object Repository/Login Page/Password Field'

2019-04-08 11:23:17 - [TEST_STEP][PASSED] - click(findTestObject("Login Page/Login Button")): Object: 'Object Repository/Login Page/Login Button' is clicked on

2019-04-08 11:23:18 - [MESSAGE][PASSED] - Object: 'Object Repository/Login Page/Login Button' is clicked on

2019-04-08 11:23:18 - [TEST_STEP][PASSED] - waitForPageLoad(0): Wait for page load successfully

2019-04-08 11:23:18 - [MESSAGE][WARNING] - Timeout '0' is invalid. Using default page load timeout: '30'

2019-04-08 11:23:18 - [MESSAGE][PASSED] - Wait for page load successfully

2019-04-08 11:23:18 - [TEST_STEP][PASSED] - verifyElementVisible(findTestObject("GBMS Home Page/Maintenance Management"), STOP_ON_FAILURE): Object 'Object Repository/GBMS Home Page/Maintenance Management' is visible

2019-04-08 11:23:18 - [MESSAGE][PASSED] - Object 'Object Repository/GBMS Home Page/Maintenance Management' is visible

2019-04-08 11:23:18 - [TEST_STEP][PASSED] - click(findTestObject("GBMS Home Page/button_Mechanical Dashboard")): Object: 'Object Repository/GBMS Home Page/button_Mechanical Dashboard' is clicked on

2019-04-08 11:23:19 - [MESSAGE][PASSED] - Object: 'Object Repository/GBMS Home Page/button_Mechanical Dashboard' is clicked on

2019-04-08 11:23:19 - [TEST_STEP][PASSED] - waitForPageLoad(0): Wait for page load successfully

2019-04-08 11:23:19 - [MESSAGE][WARNING] - Timeout '0' is invalid. Using default page load timeout: '30'

2019-04-08 11:23:19 - [MESSAGE][PASSED] - Wait for page load successfully

2019-04-08 11:23:19 - [TEST_STEP][PASSED] - verifyElementVisible(findTestObject("Mechanical Dashbord/b_Assets")): Object 'Object Repository/Mechanical Dashbord/b_Assets' is visible

2019-04-08 11:23:20 - [MESSAGE][PASSED] - Object 'Object Repository/Mechanical Dashbord/b_Assets' is visible

2019-04-08 11:23:20 - [TEST_STEP][PASSED] - verifyElementVisible(findTestObject("Mechanical Dashbord/b_Event Tracking")): Object 'Object Repository/Mechanical Dashbord/b_Event Tracking' is visible

2019-04-08 11:23:20 - [MESSAGE][PASSED] - Object 'Object Repository/Mechanical Dashbord/b_Event Tracking' is visible

2019-04-08 11:23:20 - [TEST_STEP][NOT_RUN] - verifyElementVisible(findTestObject("Mechanical Dashbord/b_Audit Tracking")): NOT_RUN: verifyElementVisible(findTestObject("Mechanical Dashbord/b_Audit Tracking"))

2019-04-08 11:23:20 - [MESSAGE][NOT_RUN] - NOT_RUN: verifyElementVisible(findTestObject("Mechanical Dashbord/b_Audit Tracking"))

2019-04-08 11:23:20 - [TEST_STEP][PASSED] - verifyElementVisible(findTestObject("Mechanical Dashbord/b_Car Events or Invoice Search")): Object 'Object Repository/Mechanical Dashbord/b_Car Events or Invoice Search' is visible

2019-04-08 11:23:20 - [MESSAGE][PASSED] - Object 'Object Repository/Mechanical Dashbord/b_Car Events or Invoice Search' is visible

2019-04-08 11:23:20 - [TEST_STEP][PASSED] - back(): Navigate back successfully

2019-04-08 11:23:20 - [MESSAGE][PASSED] - Navigate back successfully

2019-04-08 11:23:20 - [TEST_STEP][PASSED] - waitForPageLoad(0): Wait for page load successfully

2019-04-08 11:23:20 - [MESSAGE][WARNING] - Timeout '0' is invalid. Using default page load timeout: '30'

2019-04-08 11:23:20 - [MESSAGE][PASSED] - Wait for page load successfully

2019-04-08 11:23:20 - [TEST_STEP][PASSED] - verifyElementVisible(findTestObject("GBMS Home Page/Maintenance Management"), STOP_ON_FAILURE): Object 'Object Repository/GBMS Home Page/Maintenance Management' is visible

2019-04-08 11:23:20 - [MESSAGE][PASSED] - Object 'Object Repository/GBMS Home Page/Maintenance Management' is visible

2019-04-08 11:23:20 - [TEST_STEP][PASSED] - click(findTestObject("GBMS Home Page/button_Accounting Search")): Object: 'Object Repository/GBMS Home Page/button_Accounting Search' is clicked on

2019-04-08 11:23:24 - [MESSAGE][PASSED] - Object: 'Object Repository/GBMS Home Page/button_Accounting Search' is clicked on

2019-04-08 11:23:24 - [TEST_STEP][PASSED] - waitForPageLoad(0): Wait for page load successfully

2019-04-08 11:23:24 - [MESSAGE][WARNING] - Timeout '0' is invalid. Using default page load timeout: '30'

2019-04-08 11:23:24 - [MESSAGE][PASSED] - Wait for page load successfully

2019-04-08 11:23:24 - [TEST_STEP][PASSED] - verifyElementVisible(findTestObject("Accounting Search/Incoming Invoice Search Section")): Object 'Object Repository/Accounting Search/Incoming Invoice Search Section' is visible

2019-04-08 11:23:24 - [MESSAGE][PASSED] - Object 'Object Repository/Accounting Search/Incoming Invoice Search Section' is visible

2019-04-08 11:23:24 - [TEST_STEP][PASSED] - verifyElementVisible(findTestObject("Accounting Search/Asset Search Section")): Object 'Object Repository/Accounting Search/Asset Search Section' is visible

2019-04-08 11:23:24 - [MESSAGE][PASSED] - Object 'Object Repository/Accounting Search/Asset Search Section' is visible

2019-04-08 11:23:24 - [TEST_STEP][PASSED] - verifyElementVisible(findTestObject("Accounting Search/Outgoing Invoiced Search Section")): Object 'Object Repository/Accounting Search/Outgoing Invoiced Search Section' is visible

2019-04-08 11:23:24 - [MESSAGE][PASSED] - Object 'Object Repository/Accounting Search/Outgoing Invoiced Search Section' is visible

2019-04-08 11:23:24 - [TEST_STEP][PASSED] - verifyElementVisible(findTestObject("Accounting Search/Car Search Section")): Object 'Object Repository/Accounting Search/Car Search Section' is visible

2019-04-08 11:23:25 - [MESSAGE][PASSED] - Object 'Object Repository/Accounting Search/Car Search Section' is visible

2019-04-08 11:23:25 - [TEST_STEP][PASSED] - back(): Navigate back successfully

2019-04-08 11:23:25 - [MESSAGE][PASSED] - Navigate back successfully

2019-04-08 11:23:25 - [TEST_STEP][PASSED] - waitForPageLoad(0): Wait for page load successfully

2019-04-08 11:23:25 - [MESSAGE][WARNING] - Timeout '0' is invalid. Using default page load timeout: '30'

2019-04-08 11:23:25 - [MESSAGE][PASSED] - Wait for page load successfully

2019-04-08 11:23:25 - [TEST_STEP][PASSED] - verifyElementVisible(findTestObject("GBMS Home Page/Maintenance Management"), STOP_ON_FAILURE): Object 'Object Repository/GBMS Home Page/Maintenance Management' is visible

2019-04-08 11:23:25 - [MESSAGE][PASSED] - Object 'Object Repository/GBMS Home Page/Maintenance Management' is visible

2019-04-08 11:23:25 - [TEST_STEP][PASSED] - click(findTestObject("GBMS Home Page/button_Gauge Tables")): Object: 'Object Repository/GBMS Home Page/button_Gauge Tables' is clicked on

2019-04-08 11:23:25 - [MESSAGE][PASSED] - Object: 'Object Repository/GBMS Home Page/button_Gauge Tables' is clicked on

2019-04-08 11:23:25 - [TEST_STEP][PASSED] - delay(5): Delayed 5 second(s)

2019-04-08 11:23:30 - [MESSAGE][PASSED] - Delayed 5 second(s)

2019-04-08 11:23:30 - [TEST_STEP][PASSED] - switchToWindowTitle("Tank Car: Gauge Table Data - The Greenbrier Companies"): Switched to window with title: 'Tank Car: Gauge Table Data - The Greenbrier Companies'

2019-04-08 11:23:31 - [MESSAGE][PASSED] - Switched to window with title: 'Tank Car: Gauge Table Data - The Greenbrier Companies'

2019-04-08 11:23:31 - [TEST_STEP][PASSED] - waitForPageLoad(0): Wait for page load successfully

2019-04-08 11:23:31 - [MESSAGE][WARNING] - Timeout '0' is invalid. Using default page load timeout: '30'

2019-04-08 11:23:31 - [MESSAGE][PASSED] - Wait for page load successfully

2019-04-08 11:23:31 - [TEST_STEP][PASSED] - verifyElementVisible(findTestObject("Tank Car Gauge/Car Mark")): Object 'Object Repository/Tank Car Gauge/Car Mark' is visible

2019-04-08 11:23:31 - [MESSAGE][PASSED] - Object 'Object Repository/Tank Car Gauge/Car Mark' is visible

2019-04-08 11:23:31 - [TEST_STEP][PASSED] - verifyElementVisible(findTestObject("Tank Car Gauge/Car Number (Start)")): Object 'Object Repository/Tank Car Gauge/Car Number (Start)' is visible

2019-04-08 11:23:31 - [MESSAGE][PASSED] - Object 'Object Repository/Tank Car Gauge/Car Number (Start)' is visible

2019-04-08 11:23:31 - [TEST_STEP][PASSED] - verifyElementVisible(findTestObject("Tank Car Gauge/Car Number (End)")): Object 'Object Repository/Tank Car Gauge/Car Number (End)' is visible

2019-04-08 11:23:31 - [MESSAGE][PASSED] - Object 'Object Repository/Tank Car Gauge/Car Number (End)' is visible

2019-04-08 11:23:31 - [TEST_STEP][PASSED] - click(findTestObject("Tank Car Gauge/Back to Gbrx.com")): Object: 'Object Repository/Tank Car Gauge/Back to Gbrx.com' is clicked on

2019-04-08 11:23:34 - [MESSAGE][PASSED] - Object: 'Object Repository/Tank Car Gauge/Back to Gbrx.com' is clicked on

2019-04-08 11:23:34 - [TEST_STEP][PASSED] - waitForPageLoad(0): Wait for page load successfully

2019-04-08 11:23:34 - [MESSAGE][WARNING] - Timeout '0' is invalid. Using default page load timeout: '30'

2019-04-08 11:23:34 - [MESSAGE][PASSED] - Wait for page load successfully

2019-04-08 11:23:34 - [TEST_STEP][PASSED] - verifyElementVisible(findTestObject("Greenbrier Corp Home/NYSE_logo")): Object 'Object Repository/Greenbrier Corp Home/NYSE_logo' is visible

2019-04-08 11:23:36 - [MESSAGE][PASSED] - Object 'Object Repository/Greenbrier Corp Home/NYSE_logo' is visible

2019-04-08 11:23:36 - [TEST_STEP][PASSED] - switchToWindowUrl("http://enspire-qa.gbrx.com/Home/Landing"): Switched to window with url: 'http://enspire-qa.gbrx.com/Home/Landing'

2019-04-08 11:23:36 - [MESSAGE][PASSED] - Switched to window with url: 'http://enspire-qa.gbrx.com/Home/Landing'

2019-04-08 11:23:36 - [TEST_STEP][PASSED] - waitForPageLoad(0): Wait for page load successfully

2019-04-08 11:23:36 - [MESSAGE][WARNING] - Timeout '0' is invalid. Using default page load timeout: '30'

2019-04-08 11:23:36 - [MESSAGE][PASSED] - Wait for page load successfully

2019-04-08 11:23:36 - [TEST_STEP][PASSED] - verifyElementVisible(findTestObject("GBMS Home Page/Maintenance Management"), STOP_ON_FAILURE): Object 'Object Repository/GBMS Home Page/Maintenance Management' is visible

2019-04-08 11:23:36 - [MESSAGE][PASSED] - Object 'Object Repository/GBMS Home Page/Maintenance Management' is visible

2019-04-08 11:23:36 - [TEST_STEP][PASSED] - closeBrowser(): Browser is closed

2019-04-08 11:23:36 - [MESSAGE][PASSED] - Browser is closed]]></system-out>
         <system-err><![CDATA[]]></system-err>
      </testcase>
      <testcase name="Test Cases/ScreenCrawl/ScreenCrawlAccountingDropdown" classname="Test Cases/ScreenCrawl/ScreenCrawlAccountingDropdown" status="PASSED">
         <system-out><![CDATA[2019-04-08 11:23:39 - [TEST_CASE][PASSED] - Test Cases/ScreenCrawl/ScreenCrawlAccountingDropdown: Test Cases/ScreenCrawl/ScreenCrawlAccountingDropdown

2019-04-08 11:23:39 - [TEST_STEP][PASSED] - openBrowser(""): Browser is opened with url: ''

2019-04-08 11:23:39 - [MESSAGE][INFO] - Starting 'Chrome' driver

2019-04-08 11:23:42 - [MESSAGE][PASSED] - Browser is opened with url: ''

2019-04-08 11:23:42 - [TEST_STEP][PASSED] - deleteAllCookies(): Delete all cookies successfully

2019-04-08 11:23:42 - [MESSAGE][PASSED] - Delete all cookies successfully

2019-04-08 11:23:42 - [TEST_STEP][PASSED] - maximizeWindow(): Current window maximized

2019-04-08 11:23:43 - [MESSAGE][PASSED] - Current window maximized

2019-04-08 11:23:43 - [TEST_STEP][PASSED] - navigateToUrl("http://enspire-qa.gbrx.com/"): Navigate to 'http://enspire-qa.gbrx.com/' successfully

2019-04-08 11:23:44 - [MESSAGE][PASSED] - Navigate to 'http://enspire-qa.gbrx.com/' successfully

2019-04-08 11:23:44 - [TEST_STEP][PASSED] - waitForPageLoad(0): Wait for page load successfully

2019-04-08 11:23:44 - [MESSAGE][WARNING] - Timeout '0' is invalid. Using default page load timeout: '30'

2019-04-08 11:23:44 - [MESSAGE][PASSED] - Wait for page load successfully

2019-04-08 11:23:44 - [TEST_STEP][PASSED] - sendKeys(findTestObject("Login Page/Username Field"), ScreenCrawlUser): Keys 'GMS/ScreenCrawlAllRoles' sent to object: 'Object Repository/Login Page/Username Field'

2019-04-08 11:23:45 - [MESSAGE][PASSED] - Keys 'GMS/ScreenCrawlAllRoles' sent to object: 'Object Repository/Login Page/Username Field'

2019-04-08 11:23:45 - [TEST_STEP][PASSED] - sendKeys(findTestObject("Login Page/Password Field"), ScreenCrawlPass): Keys '123456789' sent to object: 'Object Repository/Login Page/Password Field'

2019-04-08 11:23:45 - [MESSAGE][PASSED] - Keys '123456789' sent to object: 'Object Repository/Login Page/Password Field'

2019-04-08 11:23:45 - [TEST_STEP][PASSED] - click(findTestObject("Login Page/Login Button")): Object: 'Object Repository/Login Page/Login Button' is clicked on

2019-04-08 11:23:47 - [MESSAGE][PASSED] - Object: 'Object Repository/Login Page/Login Button' is clicked on

2019-04-08 11:23:47 - [TEST_STEP][PASSED] - waitForPageLoad(0): Wait for page load successfully

2019-04-08 11:23:47 - [MESSAGE][WARNING] - Timeout '0' is invalid. Using default page load timeout: '30'

2019-04-08 11:23:47 - [MESSAGE][PASSED] - Wait for page load successfully

2019-04-08 11:23:47 - [TEST_STEP][PASSED] - verifyElementVisible(findTestObject("GBMS Home Page Dropdowns/Accounting Dropdown")): Object 'Object Repository/GBMS Home Page Dropdowns/Accounting Dropdown' is visible

2019-04-08 11:23:47 - [MESSAGE][PASSED] - Object 'Object Repository/GBMS Home Page Dropdowns/Accounting Dropdown' is visible

2019-04-08 11:23:47 - [TEST_STEP][PASSED] - click(findTestObject("GBMS Home Page Dropdowns/Accounting Dropdown")): Object: 'Object Repository/GBMS Home Page Dropdowns/Accounting Dropdown' is clicked on

2019-04-08 11:23:48 - [MESSAGE][PASSED] - Object: 'Object Repository/GBMS Home Page Dropdowns/Accounting Dropdown' is clicked on

2019-04-08 11:23:48 - [TEST_STEP][PASSED] - click(findTestObject("GBMS Home Page Dropdowns/Accounting Search Option")): Object: 'Object Repository/GBMS Home Page Dropdowns/Accounting Search Option' is clicked on

2019-04-08 11:23:49 - [MESSAGE][PASSED] - Object: 'Object Repository/GBMS Home Page Dropdowns/Accounting Search Option' is clicked on

2019-04-08 11:23:49 - [TEST_STEP][PASSED] - waitForPageLoad(0): Wait for page load successfully

2019-04-08 11:23:49 - [MESSAGE][WARNING] - Timeout '0' is invalid. Using default page load timeout: '30'

2019-04-08 11:23:49 - [MESSAGE][PASSED] - Wait for page load successfully

2019-04-08 11:23:49 - [TEST_STEP][PASSED] - verifyElementVisible(findTestObject("Accounting Search/Incoming Invoice Search Section")): Object 'Object Repository/Accounting Search/Incoming Invoice Search Section' is visible

2019-04-08 11:23:49 - [MESSAGE][PASSED] - Object 'Object Repository/Accounting Search/Incoming Invoice Search Section' is visible

2019-04-08 11:23:49 - [TEST_STEP][PASSED] - verifyElementVisible(findTestObject("Accounting Search/Asset Search Section")): Object 'Object Repository/Accounting Search/Asset Search Section' is visible

2019-04-08 11:23:49 - [MESSAGE][PASSED] - Object 'Object Repository/Accounting Search/Asset Search Section' is visible

2019-04-08 11:23:49 - [TEST_STEP][PASSED] - verifyElementVisible(findTestObject("Accounting Search/Outgoing Invoiced Search Section")): Object 'Object Repository/Accounting Search/Outgoing Invoiced Search Section' is visible

2019-04-08 11:23:49 - [MESSAGE][PASSED] - Object 'Object Repository/Accounting Search/Outgoing Invoiced Search Section' is visible

2019-04-08 11:23:49 - [TEST_STEP][PASSED] - verifyElementVisible(findTestObject("Accounting Search/Car Search Section")): Object 'Object Repository/Accounting Search/Car Search Section' is visible

2019-04-08 11:23:49 - [MESSAGE][PASSED] - Object 'Object Repository/Accounting Search/Car Search Section' is visible

2019-04-08 11:23:49 - [TEST_STEP][PASSED] - back(): Navigate back successfully

2019-04-08 11:23:49 - [MESSAGE][PASSED] - Navigate back successfully

2019-04-08 11:23:49 - [TEST_STEP][PASSED] - waitForPageLoad(0): Wait for page load successfully

2019-04-08 11:23:49 - [MESSAGE][WARNING] - Timeout '0' is invalid. Using default page load timeout: '30'

2019-04-08 11:23:49 - [MESSAGE][PASSED] - Wait for page load successfully

2019-04-08 11:23:49 - [TEST_STEP][PASSED] - verifyElementVisible(findTestObject("GBMS Home Page Dropdowns/Accounting Dropdown")): Object 'Object Repository/GBMS Home Page Dropdowns/Accounting Dropdown' is visible

2019-04-08 11:23:49 - [MESSAGE][PASSED] - Object 'Object Repository/GBMS Home Page Dropdowns/Accounting Dropdown' is visible

2019-04-08 11:23:49 - [TEST_STEP][PASSED] - click(findTestObject("GBMS Home Page Dropdowns/Accounting Dropdown")): Object: 'Object Repository/GBMS Home Page Dropdowns/Accounting Dropdown' is clicked on

2019-04-08 11:23:49 - [MESSAGE][PASSED] - Object: 'Object Repository/GBMS Home Page Dropdowns/Accounting Dropdown' is clicked on

2019-04-08 11:23:49 - [TEST_STEP][PASSED] - click(findTestObject("GBMS Home Page Dropdowns/Approve AP Option")): Object: 'Object Repository/GBMS Home Page Dropdowns/Approve AP Option' is clicked on

2019-04-08 11:23:50 - [MESSAGE][PASSED] - Object: 'Object Repository/GBMS Home Page Dropdowns/Approve AP Option' is clicked on

2019-04-08 11:23:50 - [TEST_STEP][PASSED] - waitForPageLoad(0): Wait for page load successfully

2019-04-08 11:23:50 - [MESSAGE][WARNING] - Timeout '0' is invalid. Using default page load timeout: '30'

2019-04-08 11:23:50 - [MESSAGE][PASSED] - Wait for page load successfully

2019-04-08 11:23:50 - [TEST_STEP][PASSED] - waitForElementVisible(findTestObject("Approve AP/Invoices Grid"), 0): Object 'Object Repository/Approve AP/Invoices Grid' is visible

2019-04-08 11:23:50 - [MESSAGE][WARNING] - Timeout '0' is invalid. Using default page load timeout: '30'

2019-04-08 11:23:57 - [MESSAGE][PASSED] - Object 'Object Repository/Approve AP/Invoices Grid' is visible

2019-04-08 11:23:57 - [TEST_STEP][PASSED] - verifyElementVisible(findTestObject("Approve AP/Legend Img")): Object 'Object Repository/Approve AP/Legend Img' is visible

2019-04-08 11:23:57 - [MESSAGE][PASSED] - Object 'Object Repository/Approve AP/Legend Img' is visible

2019-04-08 11:23:57 - [TEST_STEP][PASSED] - back(): Navigate back successfully

2019-04-08 11:23:57 - [MESSAGE][PASSED] - Navigate back successfully

2019-04-08 11:23:57 - [TEST_STEP][PASSED] - waitForPageLoad(0): Wait for page load successfully

2019-04-08 11:23:57 - [MESSAGE][WARNING] - Timeout '0' is invalid. Using default page load timeout: '30'

2019-04-08 11:23:57 - [MESSAGE][PASSED] - Wait for page load successfully

2019-04-08 11:23:57 - [TEST_STEP][PASSED] - verifyElementVisible(findTestObject("GBMS Home Page Dropdowns/Accounting Dropdown")): Object 'Object Repository/GBMS Home Page Dropdowns/Accounting Dropdown' is visible

2019-04-08 11:23:57 - [MESSAGE][PASSED] - Object 'Object Repository/GBMS Home Page Dropdowns/Accounting Dropdown' is visible

2019-04-08 11:23:57 - [TEST_STEP][PASSED] - click(findTestObject("GBMS Home Page Dropdowns/Accounting Dropdown")): Object: 'Object Repository/GBMS Home Page Dropdowns/Accounting Dropdown' is clicked on

2019-04-08 11:23:58 - [MESSAGE][PASSED] - Object: 'Object Repository/GBMS Home Page Dropdowns/Accounting Dropdown' is clicked on

2019-04-08 11:23:58 - [TEST_STEP][PASSED] - click(findTestObject("GBMS Home Page Dropdowns/On Hold Option")): Object: 'Object Repository/GBMS Home Page Dropdowns/On Hold Option' is clicked on

2019-04-08 11:23:59 - [MESSAGE][PASSED] - Object: 'Object Repository/GBMS Home Page Dropdowns/On Hold Option' is clicked on

2019-04-08 11:23:59 - [TEST_STEP][PASSED] - waitForPageLoad(0): Wait for page load successfully

2019-04-08 11:23:59 - [MESSAGE][WARNING] - Timeout '0' is invalid. Using default page load timeout: '30'

2019-04-08 11:23:59 - [MESSAGE][PASSED] - Wait for page load successfully

2019-04-08 11:23:59 - [TEST_STEP][PASSED] - verifyElementVisible(findTestObject("On Hold/Invoices On Hold Header")): Object 'Object Repository/On Hold/Invoices On Hold Header' is visible

2019-04-08 11:23:59 - [MESSAGE][PASSED] - Object 'Object Repository/On Hold/Invoices On Hold Header' is visible

2019-04-08 11:23:59 - [TEST_STEP][PASSED] - verifyElementVisible(findTestObject("On Hold/Un-Hold")): Object 'Object Repository/On Hold/Un-Hold' is visible

2019-04-08 11:23:59 - [MESSAGE][PASSED] - Object 'Object Repository/On Hold/Un-Hold' is visible

2019-04-08 11:23:59 - [TEST_STEP][PASSED] - back(): Navigate back successfully

2019-04-08 11:24:00 - [MESSAGE][PASSED] - Navigate back successfully

2019-04-08 11:24:00 - [TEST_STEP][PASSED] - waitForPageLoad(0): Wait for page load successfully

2019-04-08 11:24:00 - [MESSAGE][WARNING] - Timeout '0' is invalid. Using default page load timeout: '30'

2019-04-08 11:24:00 - [MESSAGE][PASSED] - Wait for page load successfully

2019-04-08 11:24:00 - [TEST_STEP][PASSED] - verifyElementVisible(findTestObject("GBMS Home Page Dropdowns/Accounting Dropdown")): Object 'Object Repository/GBMS Home Page Dropdowns/Accounting Dropdown' is visible

2019-04-08 11:24:00 - [MESSAGE][PASSED] - Object 'Object Repository/GBMS Home Page Dropdowns/Accounting Dropdown' is visible

2019-04-08 11:24:00 - [TEST_STEP][PASSED] - click(findTestObject("GBMS Home Page Dropdowns/Accounting Dropdown")): Object: 'Object Repository/GBMS Home Page Dropdowns/Accounting Dropdown' is clicked on

2019-04-08 11:24:00 - [MESSAGE][PASSED] - Object: 'Object Repository/GBMS Home Page Dropdowns/Accounting Dropdown' is clicked on

2019-04-08 11:24:00 - [TEST_STEP][PASSED] - click(findTestObject("GBMS Home Page Dropdowns/Approve AR Option")): Object: 'Object Repository/GBMS Home Page Dropdowns/Approve AR Option' is clicked on

2019-04-08 11:24:01 - [MESSAGE][PASSED] - Object: 'Object Repository/GBMS Home Page Dropdowns/Approve AR Option' is clicked on

2019-04-08 11:24:01 - [TEST_STEP][PASSED] - waitForPageLoad(0): Wait for page load successfully

2019-04-08 11:24:01 - [MESSAGE][WARNING] - Timeout '0' is invalid. Using default page load timeout: '30'

2019-04-08 11:24:01 - [MESSAGE][PASSED] - Wait for page load successfully

2019-04-08 11:24:01 - [TEST_STEP][PASSED] - waitForElementVisible(findTestObject("Approve AR/AR Approvable Table"), 0): Object 'Object Repository/Approve AR/AR Approvable Table' is visible

2019-04-08 11:24:01 - [MESSAGE][WARNING] - Timeout '0' is invalid. Using default page load timeout: '30'

2019-04-08 11:24:01 - [MESSAGE][PASSED] - Object 'Object Repository/Approve AR/AR Approvable Table' is visible

2019-04-08 11:24:01 - [TEST_STEP][PASSED] - waitForElementVisible(findTestObject("Approve AR/Invoice Response AR Approvable Table"), 0): Object 'Object Repository/Approve AR/Invoice Response AR Approvable Table' is visible

2019-04-08 11:24:01 - [MESSAGE][WARNING] - Timeout '0' is invalid. Using default page load timeout: '30'

2019-04-08 11:24:01 - [MESSAGE][PASSED] - Object 'Object Repository/Approve AR/Invoice Response AR Approvable Table' is visible

2019-04-08 11:24:01 - [TEST_STEP][PASSED] - verifyElementVisible(findTestObject("Approve AR/CBA AR Approvable")): Object 'Object Repository/Approve AR/CBA AR Approvable' is visible

2019-04-08 11:24:01 - [MESSAGE][PASSED] - Object 'Object Repository/Approve AR/CBA AR Approvable' is visible

2019-04-08 11:24:01 - [TEST_STEP][PASSED] - verifyElementVisible(findTestObject("Approve AR/Legend Img")): Object 'Object Repository/Approve AR/Legend Img' is visible

2019-04-08 11:24:01 - [MESSAGE][PASSED] - Object 'Object Repository/Approve AR/Legend Img' is visible

2019-04-08 11:24:01 - [TEST_STEP][PASSED] - back(): Navigate back successfully

2019-04-08 11:24:02 - [MESSAGE][PASSED] - Navigate back successfully

2019-04-08 11:24:02 - [TEST_STEP][PASSED] - waitForPageLoad(0): Wait for page load successfully

2019-04-08 11:24:02 - [MESSAGE][WARNING] - Timeout '0' is invalid. Using default page load timeout: '30'

2019-04-08 11:24:02 - [MESSAGE][PASSED] - Wait for page load successfully

2019-04-08 11:24:02 - [TEST_STEP][PASSED] - verifyElementVisible(findTestObject("GBMS Home Page Dropdowns/Accounting Dropdown")): Object 'Object Repository/GBMS Home Page Dropdowns/Accounting Dropdown' is visible

2019-04-08 11:24:02 - [MESSAGE][PASSED] - Object 'Object Repository/GBMS Home Page Dropdowns/Accounting Dropdown' is visible

2019-04-08 11:24:02 - [TEST_STEP][PASSED] - click(findTestObject("GBMS Home Page Dropdowns/Accounting Dropdown")): Object: 'Object Repository/GBMS Home Page Dropdowns/Accounting Dropdown' is clicked on

2019-04-08 11:24:02 - [MESSAGE][PASSED] - Object: 'Object Repository/GBMS Home Page Dropdowns/Accounting Dropdown' is clicked on

2019-04-08 11:24:02 - [TEST_STEP][PASSED] - click(findTestObject("GBMS Home Page Dropdowns/Extra Charges Option")): Object: 'Object Repository/GBMS Home Page Dropdowns/Extra Charges Option' is clicked on

2019-04-08 11:24:04 - [MESSAGE][PASSED] - Object: 'Object Repository/GBMS Home Page Dropdowns/Extra Charges Option' is clicked on

2019-04-08 11:24:04 - [TEST_STEP][PASSED] - waitForElementVisible(findTestObject("Extra Charges/Extra Charges Table"), 0): Object 'Object Repository/Extra Charges/Extra Charges Table' is visible

2019-04-08 11:24:04 - [MESSAGE][WARNING] - Timeout '0' is invalid. Using default page load timeout: '30'

2019-04-08 11:24:04 - [MESSAGE][PASSED] - Object 'Object Repository/Extra Charges/Extra Charges Table' is visible

2019-04-08 11:24:04 - [TEST_STEP][PASSED] - waitForPageLoad(0): Wait for page load successfully

2019-04-08 11:24:04 - [MESSAGE][WARNING] - Timeout '0' is invalid. Using default page load timeout: '30'

2019-04-08 11:24:04 - [MESSAGE][PASSED] - Wait for page load successfully

2019-04-08 11:24:04 - [TEST_STEP][PASSED] - verifyElementVisible(findTestObject("Extra Charges/Extra Charges Header")): Object 'Object Repository/Extra Charges/Extra Charges Header' is visible

2019-04-08 11:24:04 - [MESSAGE][PASSED] - Object 'Object Repository/Extra Charges/Extra Charges Header' is visible

2019-04-08 11:24:04 - [TEST_STEP][PASSED] - back(): Navigate back successfully

2019-04-08 11:24:05 - [MESSAGE][PASSED] - Navigate back successfully

2019-04-08 11:24:05 - [TEST_STEP][PASSED] - waitForPageLoad(0): Wait for page load successfully

2019-04-08 11:24:05 - [MESSAGE][WARNING] - Timeout '0' is invalid. Using default page load timeout: '30'

2019-04-08 11:24:05 - [MESSAGE][PASSED] - Wait for page load successfully

2019-04-08 11:24:05 - [TEST_STEP][PASSED] - verifyElementVisible(findTestObject("GBMS Home Page Dropdowns/Accounting Dropdown")): Object 'Object Repository/GBMS Home Page Dropdowns/Accounting Dropdown' is visible

2019-04-08 11:24:05 - [MESSAGE][PASSED] - Object 'Object Repository/GBMS Home Page Dropdowns/Accounting Dropdown' is visible

2019-04-08 11:24:05 - [TEST_STEP][PASSED] - click(findTestObject("GBMS Home Page Dropdowns/Accounting Dropdown")): Object: 'Object Repository/GBMS Home Page Dropdowns/Accounting Dropdown' is clicked on

2019-04-08 11:24:05 - [MESSAGE][PASSED] - Object: 'Object Repository/GBMS Home Page Dropdowns/Accounting Dropdown' is clicked on

2019-04-08 11:24:05 - [TEST_STEP][PASSED] - click(findTestObject("GBMS Home Page Dropdowns/Invoiceable Option")): Object: 'Object Repository/GBMS Home Page Dropdowns/Invoiceable Option' is clicked on

2019-04-08 11:24:06 - [MESSAGE][PASSED] - Object: 'Object Repository/GBMS Home Page Dropdowns/Invoiceable Option' is clicked on

2019-04-08 11:24:06 - [TEST_STEP][PASSED] - verifyElementVisible(findTestObject("Invoiceable/Loading...")): Object 'Object Repository/Invoiceable/Loading...' is visible

2019-04-08 11:24:06 - [MESSAGE][PASSED] - Object 'Object Repository/Invoiceable/Loading...' is visible

2019-04-08 11:24:06 - [TEST_STEP][PASSED] - waitForElementVisible(findTestObject("Invoiceable/Pending Invoices Table"), 0): Object 'Object Repository/Invoiceable/Pending Invoices Table' is visible

2019-04-08 11:24:06 - [MESSAGE][WARNING] - Timeout '0' is invalid. Using default page load timeout: '30'

2019-04-08 11:24:06 - [MESSAGE][PASSED] - Object 'Object Repository/Invoiceable/Pending Invoices Table' is visible

2019-04-08 11:24:06 - [TEST_STEP][PASSED] - waitForPageLoad(0): Wait for page load successfully

2019-04-08 11:24:06 - [MESSAGE][WARNING] - Timeout '0' is invalid. Using default page load timeout: '30'

2019-04-08 11:24:06 - [MESSAGE][PASSED] - Wait for page load successfully

2019-04-08 11:24:06 - [TEST_STEP][PASSED] - verifyElementVisible(findTestObject("Invoiceable/Pending Invoices Header")): Object 'Object Repository/Invoiceable/Pending Invoices Header' is visible

2019-04-08 11:24:06 - [MESSAGE][PASSED] - Object 'Object Repository/Invoiceable/Pending Invoices Header' is visible

2019-04-08 11:24:06 - [TEST_STEP][PASSED] - verifyElementVisible(findTestObject("Invoiceable/Legend Img")): Object 'Object Repository/Invoiceable/Legend Img' is visible

2019-04-08 11:24:06 - [MESSAGE][PASSED] - Object 'Object Repository/Invoiceable/Legend Img' is visible

2019-04-08 11:24:06 - [TEST_STEP][PASSED] - back(): Navigate back successfully

2019-04-08 11:24:06 - [MESSAGE][PASSED] - Navigate back successfully

2019-04-08 11:24:06 - [TEST_STEP][PASSED] - waitForPageLoad(0): Wait for page load successfully

2019-04-08 11:24:06 - [MESSAGE][WARNING] - Timeout '0' is invalid. Using default page load timeout: '30'

2019-04-08 11:24:06 - [MESSAGE][PASSED] - Wait for page load successfully

2019-04-08 11:24:06 - [TEST_STEP][PASSED] - verifyElementVisible(findTestObject("GBMS Home Page Dropdowns/Accounting Dropdown")): Object 'Object Repository/GBMS Home Page Dropdowns/Accounting Dropdown' is visible

2019-04-08 11:24:06 - [MESSAGE][PASSED] - Object 'Object Repository/GBMS Home Page Dropdowns/Accounting Dropdown' is visible

2019-04-08 11:24:06 - [TEST_STEP][PASSED] - click(findTestObject("GBMS Home Page Dropdowns/Accounting Dropdown")): Object: 'Object Repository/GBMS Home Page Dropdowns/Accounting Dropdown' is clicked on

2019-04-08 11:24:06 - [MESSAGE][PASSED] - Object: 'Object Repository/GBMS Home Page Dropdowns/Accounting Dropdown' is clicked on

2019-04-08 11:24:06 - [TEST_STEP][PASSED] - click(findTestObject("GBMS Home Page Dropdowns/Integration System Errors Option")): Object: 'Object Repository/GBMS Home Page Dropdowns/Integration System Errors Option' is clicked on

2019-04-08 11:24:09 - [MESSAGE][PASSED] - Object: 'Object Repository/GBMS Home Page Dropdowns/Integration System Errors Option' is clicked on

2019-04-08 11:24:09 - [TEST_STEP][PASSED] - waitForPageLoad(0): Wait for page load successfully

2019-04-08 11:24:09 - [MESSAGE][WARNING] - Timeout '0' is invalid. Using default page load timeout: '30'

2019-04-08 11:24:09 - [MESSAGE][PASSED] - Wait for page load successfully

2019-04-08 11:24:09 - [TEST_STEP][PASSED] - verifyElementVisible(findTestObject("Integration System Errors/Integration System Errors Header")): Object 'Object Repository/Integration System Errors/Integration System Errors Header' is visible

2019-04-08 11:24:09 - [MESSAGE][PASSED] - Object 'Object Repository/Integration System Errors/Integration System Errors Header' is visible

2019-04-08 11:24:09 - [TEST_STEP][PASSED] - verifyElementVisible(findTestObject("Integration System Errors/System Erros Table")): Object 'Object Repository/Integration System Errors/System Erros Table' is visible

2019-04-08 11:24:09 - [MESSAGE][PASSED] - Object 'Object Repository/Integration System Errors/System Erros Table' is visible

2019-04-08 11:24:09 - [TEST_STEP][PASSED] - back(): Navigate back successfully

2019-04-08 11:24:10 - [MESSAGE][PASSED] - Navigate back successfully

2019-04-08 11:24:10 - [TEST_STEP][PASSED] - waitForPageLoad(0): Wait for page load successfully

2019-04-08 11:24:10 - [MESSAGE][WARNING] - Timeout '0' is invalid. Using default page load timeout: '30'

2019-04-08 11:24:10 - [MESSAGE][PASSED] - Wait for page load successfully

2019-04-08 11:24:10 - [TEST_STEP][PASSED] - verifyElementVisible(findTestObject("GBMS Home Page Dropdowns/Accounting Dropdown")): Object 'Object Repository/GBMS Home Page Dropdowns/Accounting Dropdown' is visible

2019-04-08 11:24:10 - [MESSAGE][PASSED] - Object 'Object Repository/GBMS Home Page Dropdowns/Accounting Dropdown' is visible

2019-04-08 11:24:10 - [TEST_STEP][PASSED] - click(findTestObject("GBMS Home Page Dropdowns/Accounting Dropdown")): Object: 'Object Repository/GBMS Home Page Dropdowns/Accounting Dropdown' is clicked on

2019-04-08 11:24:10 - [MESSAGE][PASSED] - Object: 'Object Repository/GBMS Home Page Dropdowns/Accounting Dropdown' is clicked on

2019-04-08 11:24:10 - [TEST_STEP][PASSED] - click(findTestObject("GBMS Home Page Dropdowns/Outgoing Invoice Search Option")): Object: 'Object Repository/GBMS Home Page Dropdowns/Outgoing Invoice Search Option' is clicked on

2019-04-08 11:24:12 - [MESSAGE][PASSED] - Object: 'Object Repository/GBMS Home Page Dropdowns/Outgoing Invoice Search Option' is clicked on

2019-04-08 11:24:12 - [TEST_STEP][PASSED] - waitForPageLoad(0): Wait for page load successfully

2019-04-08 11:24:12 - [MESSAGE][WARNING] - Timeout '0' is invalid. Using default page load timeout: '30'

2019-04-08 11:24:12 - [MESSAGE][PASSED] - Wait for page load successfully

2019-04-08 11:24:12 - [TEST_STEP][PASSED] - verifyElementVisible(findTestObject("Outgoing Invoice Search/Outgoing Invoice Search Header")): Object 'Object Repository/Outgoing Invoice Search/Outgoing Invoice Search Header' is visible

2019-04-08 11:24:12 - [MESSAGE][PASSED] - Object 'Object Repository/Outgoing Invoice Search/Outgoing Invoice Search Header' is visible

2019-04-08 11:24:12 - [TEST_STEP][PASSED] - verifyElementVisible(findTestObject("Outgoing Invoice Search/Search Results Header")): Object 'Object Repository/Outgoing Invoice Search/Search Results Header' is visible

2019-04-08 11:24:12 - [MESSAGE][PASSED] - Object 'Object Repository/Outgoing Invoice Search/Search Results Header' is visible

2019-04-08 11:24:12 - [TEST_STEP][PASSED] - back(): Navigate back successfully

2019-04-08 11:24:12 - [MESSAGE][PASSED] - Navigate back successfully

2019-04-08 11:24:12 - [TEST_STEP][PASSED] - waitForPageLoad(0): Wait for page load successfully

2019-04-08 11:24:12 - [MESSAGE][WARNING] - Timeout '0' is invalid. Using default page load timeout: '30'

2019-04-08 11:24:12 - [MESSAGE][PASSED] - Wait for page load successfully

2019-04-08 11:24:12 - [TEST_STEP][PASSED] - verifyElementVisible(findTestObject("GBMS Home Page Dropdowns/Accounting Dropdown")): Object 'Object Repository/GBMS Home Page Dropdowns/Accounting Dropdown' is visible

2019-04-08 11:24:13 - [MESSAGE][PASSED] - Object 'Object Repository/GBMS Home Page Dropdowns/Accounting Dropdown' is visible

2019-04-08 11:24:13 - [TEST_STEP][PASSED] - click(findTestObject("GBMS Home Page Dropdowns/Accounting Dropdown")): Object: 'Object Repository/GBMS Home Page Dropdowns/Accounting Dropdown' is clicked on

2019-04-08 11:24:13 - [MESSAGE][PASSED] - Object: 'Object Repository/GBMS Home Page Dropdowns/Accounting Dropdown' is clicked on

2019-04-08 11:24:13 - [TEST_STEP][PASSED] - click(findTestObject("GBMS Home Page Dropdowns/Invoice Response Progress Option")): Object: 'Object Repository/GBMS Home Page Dropdowns/Invoice Response Progress Option' is clicked on

2019-04-08 11:24:26 - [MESSAGE][PASSED] - Object: 'Object Repository/GBMS Home Page Dropdowns/Invoice Response Progress Option' is clicked on

2019-04-08 11:24:26 - [TEST_STEP][PASSED] - waitForElementVisible(findTestObject("Invoice Responses In Progress/Invoice Response Progress Table"), 0): Object 'Object Repository/Invoice Responses In Progress/Invoice Response Progress Table' is visible

2019-04-08 11:24:26 - [MESSAGE][WARNING] - Timeout '0' is invalid. Using default page load timeout: '30'

2019-04-08 11:24:26 - [MESSAGE][PASSED] - Object 'Object Repository/Invoice Responses In Progress/Invoice Response Progress Table' is visible

2019-04-08 11:24:26 - [TEST_STEP][PASSED] - waitForPageLoad(0): Wait for page load successfully

2019-04-08 11:24:26 - [MESSAGE][WARNING] - Timeout '0' is invalid. Using default page load timeout: '30'

2019-04-08 11:24:26 - [MESSAGE][PASSED] - Wait for page load successfully

2019-04-08 11:24:26 - [TEST_STEP][PASSED] - verifyElementVisible(findTestObject("Invoice Responses In Progress/Invoice Responses In Progress Header")): Object 'Object Repository/Invoice Responses In Progress/Invoice Responses In Progress Header' is visible

2019-04-08 11:24:26 - [MESSAGE][PASSED] - Object 'Object Repository/Invoice Responses In Progress/Invoice Responses In Progress Header' is visible

2019-04-08 11:24:26 - [TEST_STEP][PASSED] - verifyElementVisible(findTestObject("Invoice Responses In Progress/Outgoing CBA Letters Header")): Object 'Object Repository/Invoice Responses In Progress/Outgoing CBA Letters Header' is visible

2019-04-08 11:24:26 - [MESSAGE][PASSED] - Object 'Object Repository/Invoice Responses In Progress/Outgoing CBA Letters Header' is visible

2019-04-08 11:24:26 - [TEST_STEP][PASSED] - back(): Navigate back successfully

2019-04-08 11:24:27 - [MESSAGE][PASSED] - Navigate back successfully

2019-04-08 11:24:27 - [TEST_STEP][PASSED] - waitForPageLoad(0): Wait for page load successfully

2019-04-08 11:24:27 - [MESSAGE][WARNING] - Timeout '0' is invalid. Using default page load timeout: '30'

2019-04-08 11:24:27 - [MESSAGE][PASSED] - Wait for page load successfully

2019-04-08 11:24:27 - [TEST_STEP][PASSED] - verifyElementVisible(findTestObject("GBMS Home Page/GBX Logo")): Object 'Object Repository/GBMS Home Page/GBX Logo' is visible

2019-04-08 11:24:27 - [MESSAGE][PASSED] - Object 'Object Repository/GBMS Home Page/GBX Logo' is visible

2019-04-08 11:24:27 - [TEST_STEP][PASSED] - closeBrowser(): Browser is closed

2019-04-08 11:24:28 - [MESSAGE][PASSED] - Browser is closed]]></system-out>
         <system-err><![CDATA[]]></system-err>
      </testcase>
      <testcase name="Test Cases/ScreenCrawl/ScreenCrawlIncomingCRBDropdown" classname="Test Cases/ScreenCrawl/ScreenCrawlIncomingCRBDropdown" status="FAILED">
         <failure type="FAILED" message="Test Cases/ScreenCrawl/ScreenCrawlIncomingCRBDropdown FAILED.
Reason:
com.kms.katalon.core.exception.StepFailedException: Unable to verify object 'Object Repository/Event Assignment/Events' is visible
	at com.kms.katalon.core.keyword.internal.KeywordMain.stepFailed(KeywordMain.groovy:48)
	at com.kms.katalon.core.webui.keyword.internal.WebUIKeywordMain.stepFailed(WebUIKeywordMain.groovy:65)
	at com.kms.katalon.core.webui.keyword.internal.WebUIKeywordMain.runKeyword(WebUIKeywordMain.groovy:27)
	at com.kms.katalon.core.webui.keyword.builtin.VerifyElementVisibleKeyword.verifyElementVisible(VerifyElementVisibleKeyword.groovy:97)
	at com.kms.katalon.core.webui.keyword.builtin.VerifyElementVisibleKeyword.execute(VerifyElementVisibleKeyword.groovy:67)
	at com.kms.katalon.core.keyword.internal.KeywordExecutor.executeKeywordForPlatform(KeywordExecutor.groovy:56)
	at com.kms.katalon.core.webui.keyword.WebUiBuiltInKeywords.verifyElementVisible(WebUiBuiltInKeywords.groovy:372)
	at com.kms.katalon.core.webui.keyword.WebUiBuiltInKeywords$verifyElementVisible$7.call(Unknown Source)
	at ScreenCrawlIncomingCRBDropdown.run(ScreenCrawlIncomingCRBDropdown:93)
	at com.kms.katalon.core.main.ScriptEngine.run(ScriptEngine.java:194)
	at com.kms.katalon.core.main.ScriptEngine.runScriptAsRawText(ScriptEngine.java:119)
	at com.kms.katalon.core.main.TestCaseExecutor.runScript(TestCaseExecutor.java:331)
	at com.kms.katalon.core.main.TestCaseExecutor.doExecute(TestCaseExecutor.java:322)
	at com.kms.katalon.core.main.TestCaseExecutor.processExecutionPhase(TestCaseExecutor.java:301)
	at com.kms.katalon.core.main.TestCaseExecutor.accessMainPhase(TestCaseExecutor.java:293)
	at com.kms.katalon.core.main.TestCaseExecutor.execute(TestCaseExecutor.java:227)
	at com.kms.katalon.core.main.TestSuiteExecutor.accessTestCaseMainPhase(TestSuiteExecutor.java:129)
	at com.kms.katalon.core.main.TestSuiteExecutor.accessTestSuiteMainPhase(TestSuiteExecutor.java:112)
	at com.kms.katalon.core.main.TestSuiteExecutor.execute(TestSuiteExecutor.java:81)
	at com.kms.katalon.core.main.TestCaseMain.startTestSuite(TestCaseMain.java:157)
	at com.kms.katalon.core.main.TestCaseMain$startTestSuite$0.call(Unknown Source)
	at TempTestSuite1554744103859.run(TempTestSuite1554744103859.groovy:35)
"/>
         <system-out><![CDATA[2019-04-08 11:24:30 - [TEST_CASE][FAILED] - Test Cases/ScreenCrawl/ScreenCrawlIncomingCRBDropdown: Test Cases/ScreenCrawl/ScreenCrawlIncomingCRBDropdown FAILED.
Reason:
com.kms.katalon.core.exception.StepFailedException: Unable to verify object 'Object Repository/Event Assignment/Events' is visible
	at com.kms.katalon.core.keyword.internal.KeywordMain.stepFailed(KeywordMain.groovy:48)
	at com.kms.katalon.core.webui.keyword.internal.WebUIKeywordMain.stepFailed(WebUIKeywordMain.groovy:65)
	at com.kms.katalon.core.webui.keyword.internal.WebUIKeywordMain.runKeyword(WebUIKeywordMain.groovy:27)
	at com.kms.katalon.core.webui.keyword.builtin.VerifyElementVisibleKeyword.verifyElementVisible(VerifyElementVisibleKeyword.groovy:97)
	at com.kms.katalon.core.webui.keyword.builtin.VerifyElementVisibleKeyword.execute(VerifyElementVisibleKeyword.groovy:67)
	at com.kms.katalon.core.keyword.internal.KeywordExecutor.executeKeywordForPlatform(KeywordExecutor.groovy:56)
	at com.kms.katalon.core.webui.keyword.WebUiBuiltInKeywords.verifyElementVisible(WebUiBuiltInKeywords.groovy:372)
	at com.kms.katalon.core.webui.keyword.WebUiBuiltInKeywords$verifyElementVisible$7.call(Unknown Source)
	at ScreenCrawlIncomingCRBDropdown.run(ScreenCrawlIncomingCRBDropdown:93)
	at com.kms.katalon.core.main.ScriptEngine.run(ScriptEngine.java:194)
	at com.kms.katalon.core.main.ScriptEngine.runScriptAsRawText(ScriptEngine.java:119)
	at com.kms.katalon.core.main.TestCaseExecutor.runScript(TestCaseExecutor.java:331)
	at com.kms.katalon.core.main.TestCaseExecutor.doExecute(TestCaseExecutor.java:322)
	at com.kms.katalon.core.main.TestCaseExecutor.processExecutionPhase(TestCaseExecutor.java:301)
	at com.kms.katalon.core.main.TestCaseExecutor.accessMainPhase(TestCaseExecutor.java:293)
	at com.kms.katalon.core.main.TestCaseExecutor.execute(TestCaseExecutor.java:227)
	at com.kms.katalon.core.main.TestSuiteExecutor.accessTestCaseMainPhase(TestSuiteExecutor.java:129)
	at com.kms.katalon.core.main.TestSuiteExecutor.accessTestSuiteMainPhase(TestSuiteExecutor.java:112)
	at com.kms.katalon.core.main.TestSuiteExecutor.execute(TestSuiteExecutor.java:81)
	at com.kms.katalon.core.main.TestCaseMain.startTestSuite(TestCaseMain.java:157)
	at com.kms.katalon.core.main.TestCaseMain$startTestSuite$0.call(Unknown Source)
	at TempTestSuite1554744103859.run(TempTestSuite1554744103859.groovy:35)


2019-04-08 11:24:30 - [TEST_STEP][PASSED] - openBrowser(""): Browser is opened with url: ''

2019-04-08 11:24:30 - [MESSAGE][INFO] - Starting 'Chrome' driver

2019-04-08 11:24:33 - [MESSAGE][PASSED] - Browser is opened with url: ''

2019-04-08 11:24:33 - [TEST_STEP][PASSED] - deleteAllCookies(): Delete all cookies successfully

2019-04-08 11:24:33 - [MESSAGE][PASSED] - Delete all cookies successfully

2019-04-08 11:24:33 - [TEST_STEP][PASSED] - maximizeWindow(): Current window maximized

2019-04-08 11:24:35 - [MESSAGE][PASSED] - Current window maximized

2019-04-08 11:24:35 - [TEST_STEP][PASSED] - navigateToUrl("http://enspire-qa.gbrx.com/"): Navigate to 'http://enspire-qa.gbrx.com/' successfully

2019-04-08 11:24:36 - [MESSAGE][PASSED] - Navigate to 'http://enspire-qa.gbrx.com/' successfully

2019-04-08 11:24:36 - [TEST_STEP][PASSED] - waitForPageLoad(0): Wait for page load successfully

2019-04-08 11:24:36 - [MESSAGE][WARNING] - Timeout '0' is invalid. Using default page load timeout: '30'

2019-04-08 11:24:36 - [MESSAGE][PASSED] - Wait for page load successfully

2019-04-08 11:24:36 - [TEST_STEP][PASSED] - sendKeys(findTestObject("Login Page/Username Field"), ScreenCrawlUser): Keys 'GMS/ScreenCrawlAllRoles' sent to object: 'Object Repository/Login Page/Username Field'

2019-04-08 11:24:36 - [MESSAGE][PASSED] - Keys 'GMS/ScreenCrawlAllRoles' sent to object: 'Object Repository/Login Page/Username Field'

2019-04-08 11:24:36 - [TEST_STEP][PASSED] - sendKeys(findTestObject("Login Page/Password Field"), ScreenCrawlPass): Keys '123456789' sent to object: 'Object Repository/Login Page/Password Field'

2019-04-08 11:24:36 - [MESSAGE][PASSED] - Keys '123456789' sent to object: 'Object Repository/Login Page/Password Field'

2019-04-08 11:24:36 - [TEST_STEP][PASSED] - click(findTestObject("Login Page/Login Button")): Object: 'Object Repository/Login Page/Login Button' is clicked on

2019-04-08 11:24:38 - [MESSAGE][PASSED] - Object: 'Object Repository/Login Page/Login Button' is clicked on

2019-04-08 11:24:38 - [TEST_STEP][PASSED] - waitForPageLoad(0): Wait for page load successfully

2019-04-08 11:24:38 - [MESSAGE][WARNING] - Timeout '0' is invalid. Using default page load timeout: '30'

2019-04-08 11:24:38 - [MESSAGE][PASSED] - Wait for page load successfully

2019-04-08 11:24:38 - [TEST_STEP][PASSED] - verifyElementVisible(findTestObject("GBMS Home Page/GBX Logo")): Object 'Object Repository/GBMS Home Page/GBX Logo' is visible

2019-04-08 11:24:38 - [MESSAGE][PASSED] - Object 'Object Repository/GBMS Home Page/GBX Logo' is visible

2019-04-08 11:24:38 - [TEST_STEP][PASSED] - waitForElementClickable(findTestObject("GBMS Home Page Dropdowns/Incoming CRB Dropdown"), 0): Object 'Object Repository/GBMS Home Page Dropdowns/Incoming CRB Dropdown' is clickable

2019-04-08 11:24:39 - [MESSAGE][WARNING] - Timeout '0' is invalid. Using default page load timeout: '30'

2019-04-08 11:24:39 - [MESSAGE][PASSED] - Object 'Object Repository/GBMS Home Page Dropdowns/Incoming CRB Dropdown' is clickable

2019-04-08 11:24:39 - [TEST_STEP][PASSED] - click(findTestObject("GBMS Home Page Dropdowns/Incoming CRB Dropdown")): Object: 'Object Repository/GBMS Home Page Dropdowns/Incoming CRB Dropdown' is clicked on

2019-04-08 11:24:39 - [MESSAGE][PASSED] - Object: 'Object Repository/GBMS Home Page Dropdowns/Incoming CRB Dropdown' is clicked on

2019-04-08 11:24:39 - [TEST_STEP][PASSED] - waitForElementClickable(findTestObject("GBMS Home Page Dropdowns/Mechanical Dashboard Option"), 0): Object 'Object Repository/GBMS Home Page Dropdowns/Mechanical Dashboard Option' is clickable

2019-04-08 11:24:39 - [MESSAGE][WARNING] - Timeout '0' is invalid. Using default page load timeout: '30'

2019-04-08 11:24:39 - [MESSAGE][PASSED] - Object 'Object Repository/GBMS Home Page Dropdowns/Mechanical Dashboard Option' is clickable

2019-04-08 11:24:39 - [TEST_STEP][PASSED] - click(findTestObject("GBMS Home Page Dropdowns/Mechanical Dashboard Option")): Object: 'Object Repository/GBMS Home Page Dropdowns/Mechanical Dashboard Option' is clicked on

2019-04-08 11:24:39 - [MESSAGE][PASSED] - Object: 'Object Repository/GBMS Home Page Dropdowns/Mechanical Dashboard Option' is clicked on

2019-04-08 11:24:39 - [TEST_STEP][PASSED] - waitForPageLoad(0): Wait for page load successfully

2019-04-08 11:24:39 - [MESSAGE][WARNING] - Timeout '0' is invalid. Using default page load timeout: '30'

2019-04-08 11:24:39 - [MESSAGE][PASSED] - Wait for page load successfully

2019-04-08 11:24:39 - [TEST_STEP][PASSED] - verifyElementVisible(findTestObject("Mechanical Dashbord/b_Assets")): Object 'Object Repository/Mechanical Dashbord/b_Assets' is visible

2019-04-08 11:24:40 - [MESSAGE][PASSED] - Object 'Object Repository/Mechanical Dashbord/b_Assets' is visible

2019-04-08 11:24:40 - [TEST_STEP][PASSED] - verifyElementVisible(findTestObject("Mechanical Dashbord/b_Audit Tracking")): Object 'Object Repository/Mechanical Dashbord/b_Audit Tracking' is visible

2019-04-08 11:24:40 - [MESSAGE][PASSED] - Object 'Object Repository/Mechanical Dashbord/b_Audit Tracking' is visible

2019-04-08 11:24:40 - [TEST_STEP][PASSED] - verifyElementVisible(findTestObject("Mechanical Dashbord/b_Car Events or Invoice Search")): Object 'Object Repository/Mechanical Dashbord/b_Car Events or Invoice Search' is visible

2019-04-08 11:24:40 - [MESSAGE][PASSED] - Object 'Object Repository/Mechanical Dashbord/b_Car Events or Invoice Search' is visible

2019-04-08 11:24:40 - [TEST_STEP][PASSED] - verifyElementVisible(findTestObject("Mechanical Dashbord/b_Event Tracking")): Object 'Object Repository/Mechanical Dashbord/b_Event Tracking' is visible

2019-04-08 11:24:40 - [MESSAGE][PASSED] - Object 'Object Repository/Mechanical Dashbord/b_Event Tracking' is visible

2019-04-08 11:24:40 - [TEST_STEP][PASSED] - back(): Navigate back successfully

2019-04-08 11:24:40 - [MESSAGE][PASSED] - Navigate back successfully

2019-04-08 11:24:40 - [TEST_STEP][PASSED] - waitForPageLoad(0): Wait for page load successfully

2019-04-08 11:24:40 - [MESSAGE][WARNING] - Timeout '0' is invalid. Using default page load timeout: '30'

2019-04-08 11:24:40 - [MESSAGE][PASSED] - Wait for page load successfully

2019-04-08 11:24:40 - [TEST_STEP][PASSED] - verifyElementVisible(findTestObject("GBMS Home Page/GBX Logo")): Object 'Object Repository/GBMS Home Page/GBX Logo' is visible

2019-04-08 11:24:40 - [MESSAGE][PASSED] - Object 'Object Repository/GBMS Home Page/GBX Logo' is visible

2019-04-08 11:24:40 - [TEST_STEP][PASSED] - waitForElementClickable(findTestObject("GBMS Home Page Dropdowns/Incoming CRB Dropdown"), 0): Object 'Object Repository/GBMS Home Page Dropdowns/Incoming CRB Dropdown' is clickable

2019-04-08 11:24:40 - [MESSAGE][WARNING] - Timeout '0' is invalid. Using default page load timeout: '30'

2019-04-08 11:24:40 - [MESSAGE][PASSED] - Object 'Object Repository/GBMS Home Page Dropdowns/Incoming CRB Dropdown' is clickable

2019-04-08 11:24:40 - [TEST_STEP][PASSED] - click(findTestObject("GBMS Home Page Dropdowns/Incoming CRB Dropdown")): Object: 'Object Repository/GBMS Home Page Dropdowns/Incoming CRB Dropdown' is clicked on

2019-04-08 11:24:41 - [MESSAGE][PASSED] - Object: 'Object Repository/GBMS Home Page Dropdowns/Incoming CRB Dropdown' is clicked on

2019-04-08 11:24:41 - [TEST_STEP][PASSED] - waitForElementClickable(findTestObject("GBMS Home Page Dropdowns/Loading Option"), 0): Object 'Object Repository/GBMS Home Page Dropdowns/Loading Option' is clickable

2019-04-08 11:24:41 - [MESSAGE][WARNING] - Timeout '0' is invalid. Using default page load timeout: '30'

2019-04-08 11:24:41 - [MESSAGE][PASSED] - Object 'Object Repository/GBMS Home Page Dropdowns/Loading Option' is clickable

2019-04-08 11:24:41 - [TEST_STEP][PASSED] - click(findTestObject("GBMS Home Page Dropdowns/Loading Option")): Object: 'Object Repository/GBMS Home Page Dropdowns/Loading Option' is clicked on

2019-04-08 11:24:46 - [MESSAGE][PASSED] - Object: 'Object Repository/GBMS Home Page Dropdowns/Loading Option' is clicked on

2019-04-08 11:24:46 - [TEST_STEP][PASSED] - waitForPageLoad(0): Wait for page load successfully

2019-04-08 11:24:46 - [MESSAGE][WARNING] - Timeout '0' is invalid. Using default page load timeout: '30'

2019-04-08 11:24:46 - [MESSAGE][PASSED] - Wait for page load successfully

2019-04-08 11:24:46 - [TEST_STEP][PASSED] - verifyElementVisible(findTestObject("File Loading/File Name Text Box")): Object 'Object Repository/File Loading/File Name Text Box' is visible

2019-04-08 11:24:46 - [MESSAGE][PASSED] - Object 'Object Repository/File Loading/File Name Text Box' is visible

2019-04-08 11:24:46 - [TEST_STEP][PASSED] - verifyElementVisible(findTestObject("File Loading/Import AAR500 File")): Object 'Object Repository/File Loading/Import AAR500 File' is visible

2019-04-08 11:24:46 - [MESSAGE][PASSED] - Object 'Object Repository/File Loading/Import AAR500 File' is visible

2019-04-08 11:24:46 - [TEST_STEP][PASSED] - back(): Navigate back successfully

2019-04-08 11:24:47 - [MESSAGE][PASSED] - Navigate back successfully

2019-04-08 11:24:47 - [TEST_STEP][PASSED] - waitForPageLoad(0): Wait for page load successfully

2019-04-08 11:24:47 - [MESSAGE][WARNING] - Timeout '0' is invalid. Using default page load timeout: '30'

2019-04-08 11:24:47 - [MESSAGE][PASSED] - Wait for page load successfully

2019-04-08 11:24:47 - [TEST_STEP][PASSED] - verifyElementVisible(findTestObject("GBMS Home Page/GBX Logo")): Object 'Object Repository/GBMS Home Page/GBX Logo' is visible

2019-04-08 11:24:47 - [MESSAGE][PASSED] - Object 'Object Repository/GBMS Home Page/GBX Logo' is visible

2019-04-08 11:24:47 - [TEST_STEP][PASSED] - waitForElementClickable(findTestObject("GBMS Home Page Dropdowns/Incoming CRB Dropdown"), 0): Object 'Object Repository/GBMS Home Page Dropdowns/Incoming CRB Dropdown' is clickable

2019-04-08 11:24:47 - [MESSAGE][WARNING] - Timeout '0' is invalid. Using default page load timeout: '30'

2019-04-08 11:24:47 - [MESSAGE][PASSED] - Object 'Object Repository/GBMS Home Page Dropdowns/Incoming CRB Dropdown' is clickable

2019-04-08 11:24:47 - [TEST_STEP][PASSED] - click(findTestObject("GBMS Home Page Dropdowns/Incoming CRB Dropdown")): Object: 'Object Repository/GBMS Home Page Dropdowns/Incoming CRB Dropdown' is clicked on

2019-04-08 11:24:47 - [MESSAGE][PASSED] - Object: 'Object Repository/GBMS Home Page Dropdowns/Incoming CRB Dropdown' is clicked on

2019-04-08 11:24:47 - [TEST_STEP][PASSED] - waitForElementClickable(findTestObject("GBMS Home Page Dropdowns/Assignment Option"), 0): Object 'Object Repository/GBMS Home Page Dropdowns/Assignment Option' is clickable

2019-04-08 11:24:47 - [MESSAGE][WARNING] - Timeout '0' is invalid. Using default page load timeout: '30'

2019-04-08 11:24:47 - [MESSAGE][PASSED] - Object 'Object Repository/GBMS Home Page Dropdowns/Assignment Option' is clickable

2019-04-08 11:24:47 - [TEST_STEP][PASSED] - click(findTestObject("GBMS Home Page Dropdowns/Assignment Option")): Object: 'Object Repository/GBMS Home Page Dropdowns/Assignment Option' is clicked on

2019-04-08 11:24:48 - [MESSAGE][PASSED] - Object: 'Object Repository/GBMS Home Page Dropdowns/Assignment Option' is clicked on

2019-04-08 11:24:48 - [TEST_STEP][PASSED] - waitForPageLoad(0): Wait for page load successfully

2019-04-08 11:24:48 - [MESSAGE][WARNING] - Timeout '0' is invalid. Using default page load timeout: '30'

2019-04-08 11:24:48 - [MESSAGE][PASSED] - Wait for page load successfully

2019-04-08 11:24:48 - [TEST_STEP][PASSED] - waitForElementNotVisible(findTestObject("Event Assignment/Processing Notification"), 100): Object 'Object Repository/Event Assignment/Processing Notification' is NOT visible

2019-04-08 11:24:54 - [MESSAGE][PASSED] - Object 'Object Repository/Event Assignment/Processing Notification' is NOT visible

2019-04-08 11:24:54 - [TEST_STEP][FAILED] - verifyElementVisible(findTestObject("Event Assignment/Events")): verifyElementVisible(findTestObject("Event Assignment/Events")) FAILED.
Reason:
com.kms.katalon.core.exception.StepFailedException: Unable to verify object 'Object Repository/Event Assignment/Events' is visible
	at com.kms.katalon.core.keyword.internal.KeywordMain.stepFailed(KeywordMain.groovy:48)
	at com.kms.katalon.core.webui.keyword.internal.WebUIKeywordMain.stepFailed(WebUIKeywordMain.groovy:65)
	at com.kms.katalon.core.webui.keyword.internal.WebUIKeywordMain.runKeyword(WebUIKeywordMain.groovy:27)
	at com.kms.katalon.core.webui.keyword.builtin.VerifyElementVisibleKeyword.verifyElementVisible(VerifyElementVisibleKeyword.groovy:97)
	at com.kms.katalon.core.webui.keyword.builtin.VerifyElementVisibleKeyword.execute(VerifyElementVisibleKeyword.groovy:67)
	at com.kms.katalon.core.keyword.internal.KeywordExecutor.executeKeywordForPlatform(KeywordExecutor.groovy:56)
	at com.kms.katalon.core.webui.keyword.WebUiBuiltInKeywords.verifyElementVisible(WebUiBuiltInKeywords.groovy:372)
	at com.kms.katalon.core.webui.keyword.WebUiBuiltInKeywords$verifyElementVisible$7.call(Unknown Source)
	at ScreenCrawlIncomingCRBDropdown.run(ScreenCrawlIncomingCRBDropdown:93)
	at com.kms.katalon.core.main.ScriptEngine.run(ScriptEngine.java:194)
	at com.kms.katalon.core.main.ScriptEngine.runScriptAsRawText(ScriptEngine.java:119)
	at com.kms.katalon.core.main.TestCaseExecutor.runScript(TestCaseExecutor.java:331)
	at com.kms.katalon.core.main.TestCaseExecutor.doExecute(TestCaseExecutor.java:322)
	at com.kms.katalon.core.main.TestCaseExecutor.processExecutionPhase(TestCaseExecutor.java:301)
	at com.kms.katalon.core.main.TestCaseExecutor.accessMainPhase(TestCaseExecutor.java:293)
	at com.kms.katalon.core.main.TestCaseExecutor.execute(TestCaseExecutor.java:227)
	at com.kms.katalon.core.main.TestSuiteExecutor.accessTestCaseMainPhase(TestSuiteExecutor.java:129)
	at com.kms.katalon.core.main.TestSuiteExecutor.accessTestSuiteMainPhase(TestSuiteExecutor.java:112)
	at com.kms.katalon.core.main.TestSuiteExecutor.execute(TestSuiteExecutor.java:81)
	at com.kms.katalon.core.main.TestCaseMain.startTestSuite(TestCaseMain.java:157)
	at com.kms.katalon.core.main.TestCaseMain$startTestSuite$0.call(Unknown Source)
	at TempTestSuite1554744103859.run(TempTestSuite1554744103859.groovy:35)


2019-04-08 11:25:24 - [MESSAGE][INFO] - Unable to find the element located by 'By.xpath: //div[@id='InvoiceEventAssignmentTable']/div[2]/div/div/div/h3'. Please recheck the objects properties to make sure the desired element is located. 

2019-04-08 11:25:25 - [MESSAGE][FAILED] - Web element with id: 'Object Repository/Event Assignment/Events' located by 'By.xpath: //div[@id='InvoiceEventAssignmentTable']/div[2]/div/div/div/h3' not found
[[ATTACHMENT|C:\\Users\\patrick.murphy\\Katalon Studio\\KatalonDemo\\Reports\\ScreenCrawl\\ScreenCrawlHappyPath\\20190408_112139\\1554744324946.png]]

2019-04-08 11:25:25 - [MESSAGE][FAILED] - Unable to verify object 'Object Repository/Event Assignment/Events' is visible
[[ATTACHMENT|C:\\Users\\patrick.murphy\\Katalon Studio\\KatalonDemo\\Reports\\ScreenCrawl\\ScreenCrawlHappyPath\\20190408_112139\\1554744325299.png]]

2019-04-08 11:25:25 - [MESSAGE][FAILED] - verifyElementVisible(findTestObject("Event Assignment/Events")) FAILED.
Reason:
com.kms.katalon.core.exception.StepFailedException: Unable to verify object 'Object Repository/Event Assignment/Events' is visible
	at com.kms.katalon.core.keyword.internal.KeywordMain.stepFailed(KeywordMain.groovy:48)
	at com.kms.katalon.core.webui.keyword.internal.WebUIKeywordMain.stepFailed(WebUIKeywordMain.groovy:65)
	at com.kms.katalon.core.webui.keyword.internal.WebUIKeywordMain.runKeyword(WebUIKeywordMain.groovy:27)
	at com.kms.katalon.core.webui.keyword.builtin.VerifyElementVisibleKeyword.verifyElementVisible(VerifyElementVisibleKeyword.groovy:97)
	at com.kms.katalon.core.webui.keyword.builtin.VerifyElementVisibleKeyword.execute(VerifyElementVisibleKeyword.groovy:67)
	at com.kms.katalon.core.keyword.internal.KeywordExecutor.executeKeywordForPlatform(KeywordExecutor.groovy:56)
	at com.kms.katalon.core.webui.keyword.WebUiBuiltInKeywords.verifyElementVisible(WebUiBuiltInKeywords.groovy:372)
	at com.kms.katalon.core.webui.keyword.WebUiBuiltInKeywords$verifyElementVisible$7.call(Unknown Source)
	at ScreenCrawlIncomingCRBDropdown.run(ScreenCrawlIncomingCRBDropdown:93)
	at com.kms.katalon.core.main.ScriptEngine.run(ScriptEngine.java:194)
	at com.kms.katalon.core.main.ScriptEngine.runScriptAsRawText(ScriptEngine.java:119)
	at com.kms.katalon.core.main.TestCaseExecutor.runScript(TestCaseExecutor.java:331)
	at com.kms.katalon.core.main.TestCaseExecutor.doExecute(TestCaseExecutor.java:322)
	at com.kms.katalon.core.main.TestCaseExecutor.processExecutionPhase(TestCaseExecutor.java:301)
	at com.kms.katalon.core.main.TestCaseExecutor.accessMainPhase(TestCaseExecutor.java:293)
	at com.kms.katalon.core.main.TestCaseExecutor.execute(TestCaseExecutor.java:227)
	at com.kms.katalon.core.main.TestSuiteExecutor.accessTestCaseMainPhase(TestSuiteExecutor.java:129)
	at com.kms.katalon.core.main.TestSuiteExecutor.accessTestSuiteMainPhase(TestSuiteExecutor.java:112)
	at com.kms.katalon.core.main.TestSuiteExecutor.execute(TestSuiteExecutor.java:81)
	at com.kms.katalon.core.main.TestCaseMain.startTestSuite(TestCaseMain.java:157)
	at com.kms.katalon.core.main.TestCaseMain$startTestSuite$0.call(Unknown Source)
	at TempTestSuite1554744103859.run(TempTestSuite1554744103859.groovy:35)]]></system-out>
         <system-err><![CDATA[2019-04-08 11:24:30 - [TEST_CASE][FAILED] - Test Cases/ScreenCrawl/ScreenCrawlIncomingCRBDropdown: Test Cases/ScreenCrawl/ScreenCrawlIncomingCRBDropdown FAILED.
Reason:
com.kms.katalon.core.exception.StepFailedException: Unable to verify object 'Object Repository/Event Assignment/Events' is visible
	at com.kms.katalon.core.keyword.internal.KeywordMain.stepFailed(KeywordMain.groovy:48)
	at com.kms.katalon.core.webui.keyword.internal.WebUIKeywordMain.stepFailed(WebUIKeywordMain.groovy:65)
	at com.kms.katalon.core.webui.keyword.internal.WebUIKeywordMain.runKeyword(WebUIKeywordMain.groovy:27)
	at com.kms.katalon.core.webui.keyword.builtin.VerifyElementVisibleKeyword.verifyElementVisible(VerifyElementVisibleKeyword.groovy:97)
	at com.kms.katalon.core.webui.keyword.builtin.VerifyElementVisibleKeyword.execute(VerifyElementVisibleKeyword.groovy:67)
	at com.kms.katalon.core.keyword.internal.KeywordExecutor.executeKeywordForPlatform(KeywordExecutor.groovy:56)
	at com.kms.katalon.core.webui.keyword.WebUiBuiltInKeywords.verifyElementVisible(WebUiBuiltInKeywords.groovy:372)
	at com.kms.katalon.core.webui.keyword.WebUiBuiltInKeywords$verifyElementVisible$7.call(Unknown Source)
	at ScreenCrawlIncomingCRBDropdown.run(ScreenCrawlIncomingCRBDropdown:93)
	at com.kms.katalon.core.main.ScriptEngine.run(ScriptEngine.java:194)
	at com.kms.katalon.core.main.ScriptEngine.runScriptAsRawText(ScriptEngine.java:119)
	at com.kms.katalon.core.main.TestCaseExecutor.runScript(TestCaseExecutor.java:331)
	at com.kms.katalon.core.main.TestCaseExecutor.doExecute(TestCaseExecutor.java:322)
	at com.kms.katalon.core.main.TestCaseExecutor.processExecutionPhase(TestCaseExecutor.java:301)
	at com.kms.katalon.core.main.TestCaseExecutor.accessMainPhase(TestCaseExecutor.java:293)
	at com.kms.katalon.core.main.TestCaseExecutor.execute(TestCaseExecutor.java:227)
	at com.kms.katalon.core.main.TestSuiteExecutor.accessTestCaseMainPhase(TestSuiteExecutor.java:129)
	at com.kms.katalon.core.main.TestSuiteExecutor.accessTestSuiteMainPhase(TestSuiteExecutor.java:112)
	at com.kms.katalon.core.main.TestSuiteExecutor.execute(TestSuiteExecutor.java:81)
	at com.kms.katalon.core.main.TestCaseMain.startTestSuite(TestCaseMain.java:157)
	at com.kms.katalon.core.main.TestCaseMain$startTestSuite$0.call(Unknown Source)
	at TempTestSuite1554744103859.run(TempTestSuite1554744103859.groovy:35)]]></system-err>
      </testcase>
      <testcase name="Test Cases/ScreenCrawl/ScreenCrawlReclaimsDropdown" classname="Test Cases/ScreenCrawl/ScreenCrawlReclaimsDropdown" status="PASSED">
         <system-out><![CDATA[2019-04-08 11:25:27 - [TEST_CASE][PASSED] - Test Cases/ScreenCrawl/ScreenCrawlReclaimsDropdown: Test Cases/ScreenCrawl/ScreenCrawlReclaimsDropdown

2019-04-08 11:25:28 - [TEST_STEP][PASSED] - openBrowser(""): Browser is opened with url: ''

2019-04-08 11:25:28 - [MESSAGE][WARNING] - A browser is already opened. Closing browser and opening a new one

2019-04-08 11:25:28 - [MESSAGE][INFO] - Starting 'Chrome' driver

2019-04-08 11:25:32 - [MESSAGE][PASSED] - Browser is opened with url: ''

2019-04-08 11:25:32 - [TEST_STEP][PASSED] - deleteAllCookies(): Delete all cookies successfully

2019-04-08 11:25:32 - [MESSAGE][PASSED] - Delete all cookies successfully

2019-04-08 11:25:32 - [TEST_STEP][PASSED] - maximizeWindow(): Current window maximized

2019-04-08 11:25:33 - [MESSAGE][PASSED] - Current window maximized

2019-04-08 11:25:33 - [TEST_STEP][PASSED] - navigateToUrl("http://enspire-qa.gbrx.com/"): Navigate to 'http://enspire-qa.gbrx.com/' successfully

2019-04-08 11:25:34 - [MESSAGE][PASSED] - Navigate to 'http://enspire-qa.gbrx.com/' successfully

2019-04-08 11:25:34 - [TEST_STEP][PASSED] - waitForPageLoad(0): Wait for page load successfully

2019-04-08 11:25:34 - [MESSAGE][WARNING] - Timeout '0' is invalid. Using default page load timeout: '30'

2019-04-08 11:25:34 - [MESSAGE][PASSED] - Wait for page load successfully

2019-04-08 11:25:34 - [TEST_STEP][PASSED] - sendKeys(findTestObject("Login Page/Username Field"), ScreenCrawlUser): Keys 'GMS/ScreenCrawlAllRoles' sent to object: 'Object Repository/Login Page/Username Field'

2019-04-08 11:25:34 - [MESSAGE][PASSED] - Keys 'GMS/ScreenCrawlAllRoles' sent to object: 'Object Repository/Login Page/Username Field'

2019-04-08 11:25:34 - [TEST_STEP][PASSED] - sendKeys(findTestObject("Login Page/Password Field"), ScreenCrawlPass): Keys '123456789' sent to object: 'Object Repository/Login Page/Password Field'

2019-04-08 11:25:34 - [MESSAGE][PASSED] - Keys '123456789' sent to object: 'Object Repository/Login Page/Password Field'

2019-04-08 11:25:34 - [TEST_STEP][PASSED] - click(findTestObject("Login Page/Login Button")): Object: 'Object Repository/Login Page/Login Button' is clicked on

2019-04-08 11:25:35 - [MESSAGE][PASSED] - Object: 'Object Repository/Login Page/Login Button' is clicked on

2019-04-08 11:25:35 - [TEST_STEP][PASSED] - waitForPageLoad(0): Wait for page load successfully

2019-04-08 11:25:35 - [MESSAGE][WARNING] - Timeout '0' is invalid. Using default page load timeout: '30'

2019-04-08 11:25:35 - [MESSAGE][PASSED] - Wait for page load successfully

2019-04-08 11:25:35 - [TEST_STEP][PASSED] - verifyElementVisible(findTestObject("GBMS Home Page/GBX Logo")): Object 'Object Repository/GBMS Home Page/GBX Logo' is visible

2019-04-08 11:25:35 - [MESSAGE][PASSED] - Object 'Object Repository/GBMS Home Page/GBX Logo' is visible

2019-04-08 11:25:35 - [TEST_STEP][PASSED] - verifyElementClickable(findTestObject("GBMS Home Page Dropdowns/Reclaims Dropdown")): Object 'Object Repository/GBMS Home Page Dropdowns/Reclaims Dropdown' is clickable

2019-04-08 11:25:35 - [MESSAGE][PASSED] - Object 'Object Repository/GBMS Home Page Dropdowns/Reclaims Dropdown' is clickable

2019-04-08 11:25:35 - [TEST_STEP][PASSED] - click(findTestObject("GBMS Home Page Dropdowns/Reclaims Dropdown")): Object: 'Object Repository/GBMS Home Page Dropdowns/Reclaims Dropdown' is clicked on

2019-04-08 11:25:35 - [MESSAGE][PASSED] - Object: 'Object Repository/GBMS Home Page Dropdowns/Reclaims Dropdown' is clicked on

2019-04-08 11:25:35 - [TEST_STEP][PASSED] - verifyElementClickable(findTestObject("GBMS Home Page Dropdowns/Reclaim Dashboard Option")): Object 'Object Repository/GBMS Home Page Dropdowns/Reclaim Dashboard Option' is clickable

2019-04-08 11:25:35 - [MESSAGE][PASSED] - Object 'Object Repository/GBMS Home Page Dropdowns/Reclaim Dashboard Option' is clickable

2019-04-08 11:25:35 - [TEST_STEP][PASSED] - click(findTestObject("GBMS Home Page Dropdowns/Reclaim Dashboard Option")): Object: 'Object Repository/GBMS Home Page Dropdowns/Reclaim Dashboard Option' is clicked on

2019-04-08 11:25:36 - [MESSAGE][PASSED] - Object: 'Object Repository/GBMS Home Page Dropdowns/Reclaim Dashboard Option' is clicked on

2019-04-08 11:25:36 - [TEST_STEP][PASSED] - waitForPageLoad(0): Wait for page load successfully

2019-04-08 11:25:36 - [MESSAGE][WARNING] - Timeout '0' is invalid. Using default page load timeout: '30'

2019-04-08 11:25:36 - [MESSAGE][PASSED] - Wait for page load successfully

2019-04-08 11:25:36 - [TEST_STEP][PASSED] - verifyElementVisible(findTestObject("Reclaim Dashboard/Reclaim Search")): Object 'Object Repository/Reclaim Dashboard/Reclaim Search' is visible

2019-04-08 11:25:36 - [MESSAGE][PASSED] - Object 'Object Repository/Reclaim Dashboard/Reclaim Search' is visible

2019-04-08 11:25:36 - [TEST_STEP][PASSED] - back(): Navigate back successfully

2019-04-08 11:25:36 - [MESSAGE][PASSED] - Navigate back successfully

2019-04-08 11:25:36 - [TEST_STEP][PASSED] - waitForPageLoad(0): Wait for page load successfully

2019-04-08 11:25:36 - [MESSAGE][WARNING] - Timeout '0' is invalid. Using default page load timeout: '30'

2019-04-08 11:25:36 - [MESSAGE][PASSED] - Wait for page load successfully

2019-04-08 11:25:36 - [TEST_STEP][PASSED] - verifyElementVisible(findTestObject("GBMS Home Page/GBX Logo")): Object 'Object Repository/GBMS Home Page/GBX Logo' is visible

2019-04-08 11:25:37 - [MESSAGE][PASSED] - Object 'Object Repository/GBMS Home Page/GBX Logo' is visible

2019-04-08 11:25:37 - [TEST_STEP][PASSED] - verifyElementClickable(findTestObject("GBMS Home Page Dropdowns/Reclaims Dropdown")): Object 'Object Repository/GBMS Home Page Dropdowns/Reclaims Dropdown' is clickable

2019-04-08 11:25:37 - [MESSAGE][PASSED] - Object 'Object Repository/GBMS Home Page Dropdowns/Reclaims Dropdown' is clickable

2019-04-08 11:25:37 - [TEST_STEP][PASSED] - click(findTestObject("GBMS Home Page Dropdowns/Reclaims Dropdown")): Object: 'Object Repository/GBMS Home Page Dropdowns/Reclaims Dropdown' is clicked on

2019-04-08 11:25:37 - [MESSAGE][PASSED] - Object: 'Object Repository/GBMS Home Page Dropdowns/Reclaims Dropdown' is clicked on

2019-04-08 11:25:37 - [TEST_STEP][PASSED] - verifyElementClickable(findTestObject("GBMS Home Page Dropdowns/Single Car Detail Option")): Object 'Object Repository/GBMS Home Page Dropdowns/Single Car Detail Option' is clickable

2019-04-08 11:25:37 - [MESSAGE][PASSED] - Object 'Object Repository/GBMS Home Page Dropdowns/Single Car Detail Option' is clickable

2019-04-08 11:25:37 - [TEST_STEP][PASSED] - click(findTestObject("GBMS Home Page Dropdowns/Single Car Detail Option")): Object: 'Object Repository/GBMS Home Page Dropdowns/Single Car Detail Option' is clicked on

2019-04-08 11:25:37 - [MESSAGE][PASSED] - Object: 'Object Repository/GBMS Home Page Dropdowns/Single Car Detail Option' is clicked on

2019-04-08 11:25:37 - [TEST_STEP][PASSED] - waitForPageLoad(0): Wait for page load successfully

2019-04-08 11:25:37 - [MESSAGE][WARNING] - Timeout '0' is invalid. Using default page load timeout: '30'

2019-04-08 11:25:37 - [MESSAGE][PASSED] - Wait for page load successfully

2019-04-08 11:25:37 - [TEST_STEP][PASSED] - verifyElementVisible(findTestObject("Single Car Detail/Car Detail Section")): Object 'Object Repository/Single Car Detail/Car Detail Section' is visible

2019-04-08 11:25:38 - [MESSAGE][PASSED] - Object 'Object Repository/Single Car Detail/Car Detail Section' is visible

2019-04-08 11:25:38 - [TEST_STEP][PASSED] - verifyElementClickable(findTestObject("Single Car Detail/Show Processed Candidates")): Object 'Object Repository/Single Car Detail/Show Processed Candidates' is clickable

2019-04-08 11:25:38 - [MESSAGE][PASSED] - Object 'Object Repository/Single Car Detail/Show Processed Candidates' is clickable

2019-04-08 11:25:38 - [TEST_STEP][PASSED] - back(): Navigate back successfully

2019-04-08 11:25:38 - [MESSAGE][PASSED] - Navigate back successfully

2019-04-08 11:25:38 - [TEST_STEP][PASSED] - waitForPageLoad(0): Wait for page load successfully

2019-04-08 11:25:38 - [MESSAGE][WARNING] - Timeout '0' is invalid. Using default page load timeout: '30'

2019-04-08 11:25:38 - [MESSAGE][PASSED] - Wait for page load successfully

2019-04-08 11:25:38 - [TEST_STEP][PASSED] - verifyElementVisible(findTestObject("GBMS Home Page/GBX Logo")): Object 'Object Repository/GBMS Home Page/GBX Logo' is visible

2019-04-08 11:25:38 - [MESSAGE][PASSED] - Object 'Object Repository/GBMS Home Page/GBX Logo' is visible

2019-04-08 11:25:38 - [TEST_STEP][PASSED] - verifyElementClickable(findTestObject("GBMS Home Page Dropdowns/Reclaims Dropdown")): Object 'Object Repository/GBMS Home Page Dropdowns/Reclaims Dropdown' is clickable

2019-04-08 11:25:38 - [MESSAGE][PASSED] - Object 'Object Repository/GBMS Home Page Dropdowns/Reclaims Dropdown' is clickable

2019-04-08 11:25:38 - [TEST_STEP][PASSED] - click(findTestObject("GBMS Home Page Dropdowns/Reclaims Dropdown")): Object: 'Object Repository/GBMS Home Page Dropdowns/Reclaims Dropdown' is clicked on

2019-04-08 11:25:38 - [MESSAGE][PASSED] - Object: 'Object Repository/GBMS Home Page Dropdowns/Reclaims Dropdown' is clicked on

2019-04-08 11:25:38 - [TEST_STEP][PASSED] - verifyElementClickable(findTestObject("GBMS Home Page Dropdowns/Multi-Car Lookup Option")): Object 'Object Repository/GBMS Home Page Dropdowns/Multi-Car Lookup Option' is clickable

2019-04-08 11:25:38 - [MESSAGE][PASSED] - Object 'Object Repository/GBMS Home Page Dropdowns/Multi-Car Lookup Option' is clickable

2019-04-08 11:25:38 - [TEST_STEP][PASSED] - click(findTestObject("GBMS Home Page Dropdowns/Multi-Car Lookup Option")): Object: 'Object Repository/GBMS Home Page Dropdowns/Multi-Car Lookup Option' is clicked on

2019-04-08 11:25:39 - [MESSAGE][PASSED] - Object: 'Object Repository/GBMS Home Page Dropdowns/Multi-Car Lookup Option' is clicked on

2019-04-08 11:25:39 - [TEST_STEP][PASSED] - waitForPageLoad(0): Wait for page load successfully

2019-04-08 11:25:39 - [MESSAGE][WARNING] - Timeout '0' is invalid. Using default page load timeout: '30'

2019-04-08 11:25:39 - [MESSAGE][PASSED] - Wait for page load successfully

2019-04-08 11:25:39 - [TEST_STEP][PASSED] - verifyElementClickable(findTestObject("Multi-Car Lookup/button_Clear Filter")): Object 'Object Repository/Multi-Car Lookup/button_Clear Filter' is clickable

2019-04-08 11:25:39 - [MESSAGE][PASSED] - Object 'Object Repository/Multi-Car Lookup/button_Clear Filter' is clickable

2019-04-08 11:25:39 - [TEST_STEP][PASSED] - back(): Navigate back successfully

2019-04-08 11:25:39 - [MESSAGE][PASSED] - Navigate back successfully

2019-04-08 11:25:39 - [TEST_STEP][PASSED] - waitForPageLoad(0): Wait for page load successfully

2019-04-08 11:25:39 - [MESSAGE][WARNING] - Timeout '0' is invalid. Using default page load timeout: '30'

2019-04-08 11:25:39 - [MESSAGE][PASSED] - Wait for page load successfully

2019-04-08 11:25:39 - [TEST_STEP][PASSED] - verifyElementVisible(findTestObject("GBMS Home Page/GBX Logo")): Object 'Object Repository/GBMS Home Page/GBX Logo' is visible

2019-04-08 11:25:40 - [MESSAGE][PASSED] - Object 'Object Repository/GBMS Home Page/GBX Logo' is visible

2019-04-08 11:25:40 - [TEST_STEP][PASSED] - verifyElementClickable(findTestObject("GBMS Home Page Dropdowns/Reclaims Dropdown")): Object 'Object Repository/GBMS Home Page Dropdowns/Reclaims Dropdown' is clickable

2019-04-08 11:25:40 - [MESSAGE][PASSED] - Object 'Object Repository/GBMS Home Page Dropdowns/Reclaims Dropdown' is clickable

2019-04-08 11:25:40 - [TEST_STEP][PASSED] - click(findTestObject("GBMS Home Page Dropdowns/Reclaims Dropdown")): Object: 'Object Repository/GBMS Home Page Dropdowns/Reclaims Dropdown' is clicked on

2019-04-08 11:25:40 - [MESSAGE][PASSED] - Object: 'Object Repository/GBMS Home Page Dropdowns/Reclaims Dropdown' is clicked on

2019-04-08 11:25:40 - [TEST_STEP][PASSED] - verifyElementClickable(findTestObject("GBMS Home Page Dropdowns/Process Candidates Option")): Object 'Object Repository/GBMS Home Page Dropdowns/Process Candidates Option' is clickable

2019-04-08 11:25:40 - [MESSAGE][PASSED] - Object 'Object Repository/GBMS Home Page Dropdowns/Process Candidates Option' is clickable

2019-04-08 11:25:40 - [TEST_STEP][PASSED] - click(findTestObject("GBMS Home Page Dropdowns/Process Candidates Option")): Object: 'Object Repository/GBMS Home Page Dropdowns/Process Candidates Option' is clicked on

2019-04-08 11:25:40 - [MESSAGE][PASSED] - Object: 'Object Repository/GBMS Home Page Dropdowns/Process Candidates Option' is clicked on

2019-04-08 11:25:40 - [TEST_STEP][PASSED] - waitForPageLoad(0): Wait for page load successfully

2019-04-08 11:25:40 - [MESSAGE][WARNING] - Timeout '0' is invalid. Using default page load timeout: '30'

2019-04-08 11:25:40 - [MESSAGE][PASSED] - Wait for page load successfully

2019-04-08 11:25:40 - [TEST_STEP][PASSED] - verifyElementVisible(findTestObject("Counter Reclaim Management/Details")): Object 'Object Repository/Counter Reclaim Management/Details' is visible

2019-04-08 11:25:40 - [MESSAGE][PASSED] - Object 'Object Repository/Counter Reclaim Management/Details' is visible

2019-04-08 11:25:40 - [TEST_STEP][PASSED] - verifyElementVisible(findTestObject("Counter Reclaim Management/Date Range")): Object 'Object Repository/Counter Reclaim Management/Date Range' is visible

2019-04-08 11:25:40 - [MESSAGE][PASSED] - Object 'Object Repository/Counter Reclaim Management/Date Range' is visible

2019-04-08 11:25:40 - [TEST_STEP][PASSED] - back(): Navigate back successfully

2019-04-08 11:25:40 - [MESSAGE][PASSED] - Navigate back successfully

2019-04-08 11:25:40 - [TEST_STEP][PASSED] - waitForPageLoad(0): Wait for page load successfully

2019-04-08 11:25:40 - [MESSAGE][WARNING] - Timeout '0' is invalid. Using default page load timeout: '30'

2019-04-08 11:25:41 - [MESSAGE][PASSED] - Wait for page load successfully

2019-04-08 11:25:41 - [TEST_STEP][PASSED] - verifyElementVisible(findTestObject("GBMS Home Page/GBX Logo")): Object 'Object Repository/GBMS Home Page/GBX Logo' is visible

2019-04-08 11:25:41 - [MESSAGE][PASSED] - Object 'Object Repository/GBMS Home Page/GBX Logo' is visible

2019-04-08 11:25:41 - [TEST_STEP][PASSED] - verifyElementClickable(findTestObject("GBMS Home Page Dropdowns/Reclaims Dropdown")): Object 'Object Repository/GBMS Home Page Dropdowns/Reclaims Dropdown' is clickable

2019-04-08 11:25:41 - [MESSAGE][PASSED] - Object 'Object Repository/GBMS Home Page Dropdowns/Reclaims Dropdown' is clickable

2019-04-08 11:25:41 - [TEST_STEP][PASSED] - click(findTestObject("GBMS Home Page Dropdowns/Reclaims Dropdown")): Object: 'Object Repository/GBMS Home Page Dropdowns/Reclaims Dropdown' is clicked on

2019-04-08 11:25:41 - [MESSAGE][PASSED] - Object: 'Object Repository/GBMS Home Page Dropdowns/Reclaims Dropdown' is clicked on

2019-04-08 11:25:41 - [TEST_STEP][PASSED] - verifyElementClickable(findTestObject("GBMS Home Page Dropdowns/Produce Counters Option")): Object 'Object Repository/GBMS Home Page Dropdowns/Produce Counters Option' is clickable

2019-04-08 11:25:41 - [MESSAGE][PASSED] - Object 'Object Repository/GBMS Home Page Dropdowns/Produce Counters Option' is clickable

2019-04-08 11:25:41 - [TEST_STEP][PASSED] - click(findTestObject("GBMS Home Page Dropdowns/Produce Counters Option")): Object: 'Object Repository/GBMS Home Page Dropdowns/Produce Counters Option' is clicked on

2019-04-08 11:25:41 - [MESSAGE][PASSED] - Object: 'Object Repository/GBMS Home Page Dropdowns/Produce Counters Option' is clicked on

2019-04-08 11:25:41 - [TEST_STEP][PASSED] - waitForPageLoad(0): Wait for page load successfully

2019-04-08 11:25:41 - [MESSAGE][WARNING] - Timeout '0' is invalid. Using default page load timeout: '30'

2019-04-08 11:25:41 - [MESSAGE][PASSED] - Wait for page load successfully

2019-04-08 11:25:41 - [TEST_STEP][PASSED] - verifyElementVisible(findTestObject("Produce Counters/Produce Counters")): Object 'Object Repository/Produce Counters/Produce Counters' is visible

2019-04-08 11:25:41 - [MESSAGE][PASSED] - Object 'Object Repository/Produce Counters/Produce Counters' is visible

2019-04-08 11:25:41 - [TEST_STEP][PASSED] - back(): Navigate back successfully

2019-04-08 11:25:41 - [MESSAGE][PASSED] - Navigate back successfully

2019-04-08 11:25:41 - [TEST_STEP][PASSED] - waitForPageLoad(0): Wait for page load successfully

2019-04-08 11:25:41 - [MESSAGE][WARNING] - Timeout '0' is invalid. Using default page load timeout: '30'

2019-04-08 11:25:41 - [MESSAGE][PASSED] - Wait for page load successfully

2019-04-08 11:25:41 - [TEST_STEP][PASSED] - verifyElementVisible(findTestObject("GBMS Home Page/GBX Logo")): Object 'Object Repository/GBMS Home Page/GBX Logo' is visible

2019-04-08 11:25:41 - [MESSAGE][PASSED] - Object 'Object Repository/GBMS Home Page/GBX Logo' is visible

2019-04-08 11:25:41 - [TEST_STEP][PASSED] - verifyElementClickable(findTestObject("GBMS Home Page Dropdowns/Reclaims Dropdown")): Object 'Object Repository/GBMS Home Page Dropdowns/Reclaims Dropdown' is clickable

2019-04-08 11:25:41 - [MESSAGE][PASSED] - Object 'Object Repository/GBMS Home Page Dropdowns/Reclaims Dropdown' is clickable

2019-04-08 11:25:41 - [TEST_STEP][PASSED] - click(findTestObject("GBMS Home Page Dropdowns/Reclaims Dropdown")): Object: 'Object Repository/GBMS Home Page Dropdowns/Reclaims Dropdown' is clicked on

2019-04-08 11:25:42 - [MESSAGE][PASSED] - Object: 'Object Repository/GBMS Home Page Dropdowns/Reclaims Dropdown' is clicked on

2019-04-08 11:25:42 - [TEST_STEP][PASSED] - verifyElementClickable(findTestObject("GBMS Home Page Dropdowns/Relief Reclaims Option")): Object 'Object Repository/GBMS Home Page Dropdowns/Relief Reclaims Option' is clickable

2019-04-08 11:25:42 - [MESSAGE][PASSED] - Object 'Object Repository/GBMS Home Page Dropdowns/Relief Reclaims Option' is clickable

2019-04-08 11:25:42 - [TEST_STEP][PASSED] - click(findTestObject("GBMS Home Page Dropdowns/Relief Reclaims Option")): Object: 'Object Repository/GBMS Home Page Dropdowns/Relief Reclaims Option' is clicked on

2019-04-08 11:25:42 - [MESSAGE][PASSED] - Object: 'Object Repository/GBMS Home Page Dropdowns/Relief Reclaims Option' is clicked on

2019-04-08 11:25:42 - [TEST_STEP][PASSED] - waitForPageLoad(0): Wait for page load successfully

2019-04-08 11:25:42 - [MESSAGE][WARNING] - Timeout '0' is invalid. Using default page load timeout: '30'

2019-04-08 11:25:42 - [MESSAGE][PASSED] - Wait for page load successfully

2019-04-08 11:25:42 - [TEST_STEP][PASSED] - verifyElementVisible(findTestObject("Relief Reclaims Reconcile/Month Search")): Object 'Object Repository/Relief Reclaims Reconcile/Month Search' is visible

2019-04-08 11:25:42 - [MESSAGE][PASSED] - Object 'Object Repository/Relief Reclaims Reconcile/Month Search' is visible

2019-04-08 11:25:42 - [TEST_STEP][PASSED] - back(): Navigate back successfully

2019-04-08 11:25:42 - [MESSAGE][PASSED] - Navigate back successfully

2019-04-08 11:25:42 - [TEST_STEP][PASSED] - waitForPageLoad(0): Wait for page load successfully

2019-04-08 11:25:42 - [MESSAGE][WARNING] - Timeout '0' is invalid. Using default page load timeout: '30'

2019-04-08 11:25:42 - [MESSAGE][PASSED] - Wait for page load successfully

2019-04-08 11:25:42 - [TEST_STEP][PASSED] - verifyElementVisible(findTestObject("GBMS Home Page/GBX Logo")): Object 'Object Repository/GBMS Home Page/GBX Logo' is visible

2019-04-08 11:25:42 - [MESSAGE][PASSED] - Object 'Object Repository/GBMS Home Page/GBX Logo' is visible

2019-04-08 11:25:42 - [TEST_STEP][PASSED] - verifyElementClickable(findTestObject("GBMS Home Page Dropdowns/Reclaims Dropdown")): Object 'Object Repository/GBMS Home Page Dropdowns/Reclaims Dropdown' is clickable

2019-04-08 11:25:42 - [MESSAGE][PASSED] - Object 'Object Repository/GBMS Home Page Dropdowns/Reclaims Dropdown' is clickable

2019-04-08 11:25:42 - [TEST_STEP][PASSED] - click(findTestObject("GBMS Home Page Dropdowns/Reclaims Dropdown")): Object: 'Object Repository/GBMS Home Page Dropdowns/Reclaims Dropdown' is clicked on

2019-04-08 11:25:42 - [MESSAGE][PASSED] - Object: 'Object Repository/GBMS Home Page Dropdowns/Reclaims Dropdown' is clicked on

2019-04-08 11:25:42 - [TEST_STEP][PASSED] - verifyElementClickable(findTestObject("GBMS Home Page Dropdowns/Investigator Option")): Object 'Object Repository/GBMS Home Page Dropdowns/Investigator Option' is clickable

2019-04-08 11:25:42 - [MESSAGE][PASSED] - Object 'Object Repository/GBMS Home Page Dropdowns/Investigator Option' is clickable

2019-04-08 11:25:42 - [TEST_STEP][PASSED] - click(findTestObject("GBMS Home Page Dropdowns/Investigator Option")): Object: 'Object Repository/GBMS Home Page Dropdowns/Investigator Option' is clicked on

2019-04-08 11:25:43 - [MESSAGE][PASSED] - Object: 'Object Repository/GBMS Home Page Dropdowns/Investigator Option' is clicked on

2019-04-08 11:25:43 - [TEST_STEP][PASSED] - waitForPageLoad(0): Wait for page load successfully

2019-04-08 11:25:43 - [MESSAGE][WARNING] - Timeout '0' is invalid. Using default page load timeout: '30'

2019-04-08 11:25:43 - [MESSAGE][PASSED] - Wait for page load successfully

2019-04-08 11:25:43 - [TEST_STEP][PASSED] - verifyElementVisible(findTestObject("Object Repository/Reclaim Investigator/Investigator")): Object 'Object Repository/Reclaim Investigator/Investigator' is visible

2019-04-08 11:25:43 - [MESSAGE][PASSED] - Object 'Object Repository/Reclaim Investigator/Investigator' is visible

2019-04-08 11:25:43 - [TEST_STEP][PASSED] - back(): Navigate back successfully

2019-04-08 11:25:44 - [MESSAGE][PASSED] - Navigate back successfully

2019-04-08 11:25:44 - [TEST_STEP][PASSED] - waitForPageLoad(0): Wait for page load successfully

2019-04-08 11:25:44 - [MESSAGE][WARNING] - Timeout '0' is invalid. Using default page load timeout: '30'

2019-04-08 11:25:44 - [MESSAGE][PASSED] - Wait for page load successfully

2019-04-08 11:25:44 - [TEST_STEP][PASSED] - verifyElementVisible(findTestObject("GBMS Home Page/GBX Logo")): Object 'Object Repository/GBMS Home Page/GBX Logo' is visible

2019-04-08 11:25:44 - [MESSAGE][PASSED] - Object 'Object Repository/GBMS Home Page/GBX Logo' is visible

2019-04-08 11:25:44 - [TEST_STEP][PASSED] - closeBrowser(): Browser is closed

2019-04-08 11:25:44 - [MESSAGE][PASSED] - Browser is closed]]></system-out>
         <system-err><![CDATA[]]></system-err>
      </testcase>
      <system-out><![CDATA[2019-04-08 11:21:46 - [TEST_SUITE][FAILED] - ScreenCrawlHappyPath: Test Cases/ScreenCrawl/ScreenCrawlVisabilityLogistics FAILED.
Reason:
com.kms.katalon.core.exception.StepFailedException: Unable to wait for object to be visible
	at com.kms.katalon.core.keyword.internal.KeywordMain.stepFailed(KeywordMain.groovy:48)
	at com.kms.katalon.core.webui.keyword.internal.WebUIKeywordMain.stepFailed(WebUIKeywordMain.groovy:65)
	at com.kms.katalon.core.webui.keyword.internal.WebUIKeywordMain.runKeyword(WebUIKeywordMain.groovy:27)
	at com.kms.katalon.core.webui.keyword.builtin.WaitForElementVisibleKeyword.waitForElementVisible(WaitForElementVisibleKeyword.groovy:99)
	at com.kms.katalon.core.webui.keyword.builtin.WaitForElementVisibleKeyword.execute(WaitForElementVisibleKeyword.groovy:68)
	at com.kms.katalon.core.keyword.internal.KeywordExecutor.executeKeywordForPlatform(KeywordExecutor.groovy:56)
	at com.kms.katalon.core.webui.keyword.WebUiBuiltInKeywords.waitForElementVisible(WebUiBuiltInKeywords.groovy:434)
	at com.kms.katalon.core.webui.keyword.WebUiBuiltInKeywords$waitForElementVisible$10.call(Unknown Source)
	at ScreenCrawlVisabilityLogistics.run(ScreenCrawlVisabilityLogistics:93)
	at com.kms.katalon.core.main.ScriptEngine.run(ScriptEngine.java:194)
	at com.kms.katalon.core.main.ScriptEngine.runScriptAsRawText(ScriptEngine.java:119)
	at com.kms.katalon.core.main.TestCaseExecutor.runScript(TestCaseExecutor.java:331)
	at com.kms.katalon.core.main.TestCaseExecutor.doExecute(TestCaseExecutor.java:322)
	at com.kms.katalon.core.main.TestCaseExecutor.processExecutionPhase(TestCaseExecutor.java:301)
	at com.kms.katalon.core.main.TestCaseExecutor.accessMainPhase(TestCaseExecutor.java:293)
	at com.kms.katalon.core.main.TestCaseExecutor.execute(TestCaseExecutor.java:227)
	at com.kms.katalon.core.main.TestSuiteExecutor.accessTestCaseMainPhase(TestSuiteExecutor.java:129)
	at com.kms.katalon.core.main.TestSuiteExecutor.accessTestSuiteMainPhase(TestSuiteExecutor.java:112)
	at com.kms.katalon.core.main.TestSuiteExecutor.execute(TestSuiteExecutor.java:81)
	at com.kms.katalon.core.main.TestCaseMain.startTestSuite(TestCaseMain.java:157)
	at com.kms.katalon.core.main.TestCaseMain$startTestSuite$0.call(Unknown Source)
	at TempTestSuite1554744103859.run(TempTestSuite1554744103859.groovy:35)]]></system-out>
      <system-err><![CDATA[2019-04-08 11:21:46 - [TEST_SUITE][FAILED] - ScreenCrawlHappyPath: Test Cases/ScreenCrawl/ScreenCrawlVisabilityLogistics FAILED.
Reason:
com.kms.katalon.core.exception.StepFailedException: Unable to wait for object to be visible
	at com.kms.katalon.core.keyword.internal.KeywordMain.stepFailed(KeywordMain.groovy:48)
	at com.kms.katalon.core.webui.keyword.internal.WebUIKeywordMain.stepFailed(WebUIKeywordMain.groovy:65)
	at com.kms.katalon.core.webui.keyword.internal.WebUIKeywordMain.runKeyword(WebUIKeywordMain.groovy:27)
	at com.kms.katalon.core.webui.keyword.builtin.WaitForElementVisibleKeyword.waitForElementVisible(WaitForElementVisibleKeyword.groovy:99)
	at com.kms.katalon.core.webui.keyword.builtin.WaitForElementVisibleKeyword.execute(WaitForElementVisibleKeyword.groovy:68)
	at com.kms.katalon.core.keyword.internal.KeywordExecutor.executeKeywordForPlatform(KeywordExecutor.groovy:56)
	at com.kms.katalon.core.webui.keyword.WebUiBuiltInKeywords.waitForElementVisible(WebUiBuiltInKeywords.groovy:434)
	at com.kms.katalon.core.webui.keyword.WebUiBuiltInKeywords$waitForElementVisible$10.call(Unknown Source)
	at ScreenCrawlVisabilityLogistics.run(ScreenCrawlVisabilityLogistics:93)
	at com.kms.katalon.core.main.ScriptEngine.run(ScriptEngine.java:194)
	at com.kms.katalon.core.main.ScriptEngine.runScriptAsRawText(ScriptEngine.java:119)
	at com.kms.katalon.core.main.TestCaseExecutor.runScript(TestCaseExecutor.java:331)
	at com.kms.katalon.core.main.TestCaseExecutor.doExecute(TestCaseExecutor.java:322)
	at com.kms.katalon.core.main.TestCaseExecutor.processExecutionPhase(TestCaseExecutor.java:301)
	at com.kms.katalon.core.main.TestCaseExecutor.accessMainPhase(TestCaseExecutor.java:293)
	at com.kms.katalon.core.main.TestCaseExecutor.execute(TestCaseExecutor.java:227)
	at com.kms.katalon.core.main.TestSuiteExecutor.accessTestCaseMainPhase(TestSuiteExecutor.java:129)
	at com.kms.katalon.core.main.TestSuiteExecutor.accessTestSuiteMainPhase(TestSuiteExecutor.java:112)
	at com.kms.katalon.core.main.TestSuiteExecutor.execute(TestSuiteExecutor.java:81)
	at com.kms.katalon.core.main.TestCaseMain.startTestSuite(TestCaseMain.java:157)
	at com.kms.katalon.core.main.TestCaseMain$startTestSuite$0.call(Unknown Source)
	at TempTestSuite1554744103859.run(TempTestSuite1554744103859.groovy:35)]]></system-err>
   </testsuite>
</testsuites>
